<?xml version="1.0" encoding="UTF-8"?>
<coverage generated="1777066177762" clover="3.2.0">
  <project timestamp="1777066177762" name="All files">
    <metrics statements="309" coveredstatements="287" conditionals="221" coveredconditionals="153" methods="55" coveredmethods="54" elements="585" coveredelements="494" complexity="0" loc="309" ncloc="309" packages="1" files="5" classes="5"/>
    <file name="classifier.js" path="/Users/bruchave/Documents/_projetos/logloop/src/classifier.js">
      <metrics statements="90" coveredstatements="89" conditionals="69" coveredconditionals="60" methods="15" coveredmethods="15"/>
      <line num="1" count="3" type="stmt"/>
      <line num="2" count="3" type="stmt"/>
      <line num="4" count="3" type="stmt"/>
      <line num="12" count="3" type="stmt"/>
      <line num="22" count="3" type="stmt"/>
      <line num="31" count="3" type="stmt"/>
      <line num="37" count="40" type="stmt"/>
      <line num="42" count="7" type="stmt"/>
      <line num="43" count="7" type="stmt"/>
      <line num="44" count="7" type="stmt"/>
      <line num="46" count="7" type="stmt"/>
      <line num="47" count="7" type="stmt"/>
      <line num="49" count="7" type="stmt"/>
      <line num="50" count="32" type="cond" truecount="2" falsecount="0"/>
      <line num="51" count="2" type="stmt"/>
      <line num="52" count="2" type="stmt"/>
      <line num="55" count="30" type="stmt"/>
      <line num="56" count="30" type="cond" truecount="2" falsecount="0"/>
      <line num="57" count="30" type="cond" truecount="1" falsecount="1"/>
      <line num="59" count="30" type="cond" truecount="2" falsecount="0"/>
      <line num="60" count="2" type="cond" truecount="2" falsecount="0"/>
      <line num="61" count="2" type="stmt"/>
      <line num="65" count="7" type="cond" truecount="1" falsecount="1"/>
      <line num="66" count="7" type="cond" truecount="1" falsecount="1"/>
      <line num="67" count="7" type="stmt"/>
      <line num="71" count="20" type="stmt"/>
      <line num="72" count="20" type="stmt"/>
      <line num="73" count="20" type="stmt"/>
      <line num="74" count="20" type="stmt"/>
      <line num="75" count="78" type="stmt"/>
      <line num="76" count="78" type="stmt"/>
      <line num="79" count="20" type="stmt"/>
      <line num="80" count="11" type="cond" truecount="2" falsecount="0"/>
      <line num="82" count="20" type="cond" truecount="1" falsecount="1"/>
      <line num="83" count="0" type="stmt"/>
      <line num="86" count="20" type="stmt"/>
      <line num="91" count="20" type="stmt"/>
      <line num="92" count="20" type="stmt"/>
      <line num="93" count="20" type="cond" truecount="2" falsecount="0"/>
      <line num="95" count="20" type="stmt"/>
      <line num="104" count="13" type="cond" truecount="1" falsecount="1"/>
      <line num="106" count="13" type="stmt"/>
      <line num="107" count="13" type="cond" truecount="1" falsecount="1"/>
      <line num="109" count="13" type="stmt"/>
      <line num="110" count="13" type="stmt"/>
      <line num="111" count="13" type="stmt"/>
      <line num="113" count="13" type="stmt"/>
      <line num="114" count="13" type="stmt"/>
      <line num="115" count="13" type="stmt"/>
      <line num="117" count="13" type="stmt"/>
      <line num="118" count="65" type="cond" truecount="2" falsecount="0"/>
      <line num="119" count="11" type="stmt"/>
      <line num="120" count="11" type="stmt"/>
      <line num="121" count="11" type="stmt"/>
      <line num="125" count="13" type="stmt"/>
      <line num="126" count="13" type="stmt"/>
      <line num="127" count="13" type="cond" truecount="2" falsecount="0"/>
      <line num="129" count="13" type="stmt"/>
      <line num="138" count="9" type="stmt"/>
      <line num="139" count="63" type="stmt"/>
      <line num="141" count="9" type="stmt"/>
      <line num="142" count="466" type="cond" truecount="2" falsecount="0"/>
      <line num="143" count="2" type="cond" truecount="1" falsecount="1"/>
      <line num="144" count="2" type="stmt"/>
      <line num="153" count="7" type="stmt"/>
      <line num="154" count="7" type="stmt"/>
      <line num="156" count="7" type="stmt"/>
      <line num="157" count="7" type="stmt"/>
      <line num="159" count="7" type="stmt"/>
      <line num="160" count="7" type="stmt"/>
      <line num="161" count="7" type="stmt"/>
      <line num="162" count="7" type="stmt"/>
      <line num="164" count="7" type="stmt"/>
      <line num="166" count="7" type="stmt"/>
      <line num="167" count="61" type="stmt"/>
      <line num="168" count="49" type="cond" truecount="2" falsecount="0"/>
      <line num="169" count="9" type="stmt"/>
      <line num="170" count="9" type="stmt"/>
      <line num="171" count="36" type="stmt"/>
      <line num="173" count="9" type="cond" truecount="4" falsecount="0"/>
      <line num="175" count="7" type="stmt"/>
      <line num="176" count="7" type="stmt"/>
      <line num="177" count="7" type="stmt"/>
      <line num="178" count="7" type="stmt"/>
      <line num="182" count="7" type="cond" truecount="2" falsecount="0"/>
      <line num="183" count="7" type="stmt"/>
      <line num="185" count="7" type="cond" truecount="2" falsecount="0"/>
      <line num="186" count="7" type="cond" truecount="2" falsecount="0"/>
      <line num="188" count="7" type="stmt"/>
      <line num="196" count="3" type="stmt"/>
    </file>
    <file name="config.js" path="/Users/bruchave/Documents/_projetos/logloop/src/config.js">
      <metrics statements="46" coveredstatements="35" conditionals="16" coveredconditionals="9" methods="5" coveredmethods="4"/>
      <line num="1" count="5" type="stmt"/>
      <line num="2" count="5" type="stmt"/>
      <line num="3" count="5" type="stmt"/>
      <line num="5" count="5" type="stmt"/>
      <line num="6" count="5" type="stmt"/>
      <line num="7" count="5" type="stmt"/>
      <line num="9" count="5" type="stmt"/>
      <line num="17" count="10" type="cond" truecount="2" falsecount="0"/>
      <line num="18" count="6" type="stmt"/>
      <line num="19" count="6" type="stmt"/>
      <line num="21" count="2" type="stmt"/>
      <line num="22" count="2" type="stmt"/>
      <line num="25" count="8" type="stmt"/>
      <line num="30" count="5" type="stmt"/>
      <line num="31" count="5" type="stmt"/>
      <line num="32" count="5" type="stmt"/>
      <line num="33" count="5" type="stmt"/>
      <line num="35" count="5" type="stmt"/>
      <line num="37" count="36" type="cond" truecount="3" falsecount="2"/>
      <line num="38" count="0" type="stmt"/>
      <line num="39" count="0" type="stmt"/>
      <line num="40" count="0" type="stmt"/>
      <line num="41" count="0" type="stmt"/>
      <line num="42" count="0" type="cond" truecount="0" falsecount="2"/>
      <line num="43" count="0" type="stmt"/>
      <line num="51" count="5" type="stmt"/>
      <line num="52" count="5" type="stmt"/>
      <line num="53" count="5" type="stmt"/>
      <line num="56" count="14" type="stmt"/>
      <line num="59" count="14" type="cond" truecount="2" falsecount="0"/>
      <line num="60" count="8" type="stmt"/>
      <line num="61" count="8" type="stmt"/>
      <line num="62" count="1" type="stmt"/>
      <line num="64" count="7" type="stmt"/>
      <line num="69" count="14" type="cond" truecount="2" falsecount="0"/>
      <line num="70" count="12" type="stmt"/>
      <line num="71" count="12" type="stmt"/>
      <line num="72" count="5" type="stmt"/>
      <line num="74" count="7" type="stmt"/>
      <line num="78" count="14" type="stmt"/>
      <line num="82" count="0" type="stmt"/>
      <line num="83" count="0" type="cond" truecount="0" falsecount="2"/>
      <line num="84" count="0" type="stmt"/>
      <line num="85" count="0" type="stmt"/>
      <line num="87" count="0" type="stmt"/>
      <line num="91" count="5" type="stmt"/>
    </file>
    <file name="core.js" path="/Users/bruchave/Documents/_projetos/logloop/src/core.js">
      <metrics statements="117" coveredstatements="108" conditionals="107" coveredconditionals="64" methods="25" coveredmethods="25"/>
      <line num="1" count="2" type="stmt"/>
      <line num="2" count="2" type="stmt"/>
      <line num="3" count="2" type="stmt"/>
      <line num="4" count="2" type="stmt"/>
      <line num="5" count="2" type="stmt"/>
      <line num="6" count="2" type="stmt"/>
      <line num="10" count="3" type="stmt"/>
      <line num="11" count="3" type="stmt"/>
      <line num="12" count="3" type="stmt"/>
      <line num="16" count="11" type="stmt"/>
      <line num="17" count="11" type="cond" truecount="2" falsecount="0"/>
      <line num="18" count="11" type="stmt"/>
      <line num="20" count="11" type="cond" truecount="1" falsecount="1"/>
      <line num="21" count="0" type="stmt"/>
      <line num="22" count="0" type="cond" truecount="0" falsecount="2"/>
      <line num="23" count="0" type="stmt"/>
      <line num="26" count="11" type="cond" truecount="1" falsecount="1"/>
      <line num="30" count="4" type="stmt"/>
      <line num="31" count="4" type="stmt"/>
      <line num="32" count="4" type="stmt"/>
      <line num="34" count="4" type="stmt"/>
      <line num="35" count="4" type="stmt"/>
      <line num="36" count="4" type="stmt"/>
      <line num="37" count="4" type="stmt"/>
      <line num="38" count="4" type="stmt"/>
      <line num="39" count="4" type="stmt"/>
      <line num="41" count="0" type="stmt"/>
      <line num="42" count="0" type="cond" truecount="0" falsecount="4"/>
      <line num="43" count="0" type="stmt"/>
      <line num="44" count="0" type="stmt"/>
      <line num="45" count="0" type="stmt"/>
      <line num="49" count="4" type="stmt"/>
      <line num="50" count="4" type="stmt"/>
      <line num="52" count="4" type="cond" truecount="4" falsecount="0"/>
      <line num="57" count="3" type="stmt"/>
      <line num="59" count="3" type="stmt"/>
      <line num="60" count="3" type="cond" truecount="1" falsecount="1"/>
      <line num="61" count="3" type="stmt"/>
      <line num="62" count="3" type="stmt"/>
      <line num="63" count="3" type="cond" truecount="2" falsecount="0"/>
      <line num="65" count="3" type="cond" truecount="2" falsecount="2"/>
      <line num="67" count="3" type="cond" truecount="2" falsecount="0"/>
      <line num="68" count="1" type="stmt"/>
      <line num="72" count="3" type="stmt"/>
      <line num="74" count="3" type="cond" truecount="2" falsecount="3"/>
      <line num="75" count="0" type="stmt"/>
      <line num="77" count="3" type="stmt"/>
      <line num="82" count="1" type="stmt"/>
      <line num="83" count="1" type="cond" truecount="1" falsecount="1"/>
      <line num="85" count="1" type="stmt"/>
      <line num="86" count="1" type="stmt"/>
      <line num="87" count="1" type="stmt"/>
      <line num="88" count="1" type="stmt"/>
      <line num="89" count="1" type="cond" truecount="1" falsecount="1"/>
      <line num="91" count="1" type="stmt"/>
      <line num="92" count="1" type="stmt"/>
      <line num="94" count="1" type="cond" truecount="1" falsecount="1"/>
      <line num="95" count="3" type="stmt"/>
      <line num="96" count="1" type="cond" truecount="1" falsecount="1"/>
      <line num="99" count="1" type="cond" truecount="1" falsecount="1"/>
      <line num="100" count="6" type="stmt"/>
      <line num="101" count="1" type="cond" truecount="1" falsecount="1"/>
      <line num="103" count="4" type="cond" truecount="2" falsecount="0"/>
      <line num="104" count="1" type="stmt"/>
      <line num="108" count="1" type="stmt"/>
      <line num="111" count="1" type="stmt"/>
      <line num="112" count="1" type="stmt"/>
      <line num="113" count="1" type="stmt"/>
      <line num="118" count="3" type="stmt"/>
      <line num="119" count="3" type="cond" truecount="1" falsecount="1"/>
      <line num="120" count="3" type="stmt"/>
      <line num="121" count="3" type="stmt"/>
      <line num="122" count="3" type="stmt"/>
      <line num="123" count="3" type="stmt"/>
      <line num="124" count="3" type="stmt"/>
      <line num="125" count="9" type="cond" truecount="2" falsecount="2"/>
      <line num="126" count="13" type="cond" truecount="4" falsecount="0"/>
      <line num="127" count="14" type="cond" truecount="2" falsecount="0"/>
      <line num="128" count="6" type="cond" truecount="2" falsecount="2"/>
      <line num="129" count="3" type="stmt"/>
      <line num="138" count="3" type="stmt"/>
      <line num="139" count="3" type="cond" truecount="1" falsecount="1"/>
      <line num="140" count="3" type="stmt"/>
      <line num="141" count="3" type="stmt"/>
      <line num="142" count="3" type="stmt"/>
      <line num="143" count="3" type="stmt"/>
      <line num="144" count="5" type="stmt"/>
      <line num="145" count="5" type="cond" truecount="1" falsecount="1"/>
      <line num="146" count="5" type="stmt"/>
      <line num="147" count="5" type="cond" truecount="1" falsecount="1"/>
      <line num="148" count="15" type="cond" truecount="2" falsecount="2"/>
      <line num="149" count="20" type="cond" truecount="2" falsecount="2"/>
      <line num="150" count="5" type="cond" truecount="2" falsecount="0"/>
      <line num="151" count="5" type="cond" truecount="2" falsecount="0"/>
      <line num="152" count="5" type="cond" truecount="2" falsecount="0"/>
      <line num="153" count="5" type="stmt"/>
      <line num="154" count="5" type="cond" truecount="1" falsecount="1"/>
      <line num="156" count="3" type="stmt"/>
      <line num="160" count="1" type="stmt"/>
      <line num="161" count="1" type="cond" truecount="1" falsecount="1"/>
      <line num="162" count="1" type="stmt"/>
      <line num="163" count="1" type="stmt"/>
      <line num="164" count="1" type="stmt"/>
      <line num="165" count="1" type="stmt"/>
      <line num="166" count="1" type="stmt"/>
      <line num="167" count="1" type="stmt"/>
      <line num="168" count="2" type="stmt"/>
      <line num="169" count="2" type="cond" truecount="1" falsecount="1"/>
      <line num="170" count="6" type="cond" truecount="2" falsecount="2"/>
      <line num="171" count="10" type="cond" truecount="2" falsecount="0"/>
      <line num="172" count="2" type="cond" truecount="2" falsecount="0"/>
      <line num="173" count="2" type="cond" truecount="1" falsecount="1"/>
      <line num="174" count="2" type="cond" truecount="2" falsecount="0"/>
      <line num="176" count="1" type="cond" truecount="1" falsecount="1"/>
      <line num="177" count="1" type="stmt"/>
      <line num="179" count="1" type="stmt"/>
      <line num="182" count="2" type="stmt"/>
    </file>
    <file name="i18n.js" path="/Users/bruchave/Documents/_projetos/logloop/src/i18n.js">
      <metrics statements="14" coveredstatements="14" conditionals="6" coveredconditionals="4" methods="1" coveredmethods="1"/>
      <line num="1" count="3" type="stmt"/>
      <line num="3" count="3" type="stmt"/>
      <line num="4" count="3" type="stmt"/>
      <line num="6" count="3" type="stmt"/>
      <line num="9" count="3" type="stmt"/>
      <line num="10" count="3" type="cond" truecount="1" falsecount="1"/>
      <line num="11" count="3" type="cond" truecount="1" falsecount="1"/>
      <line num="13" count="3" type="stmt"/>
      <line num="14" count="3" type="stmt"/>
      <line num="15" count="3" type="stmt"/>
      <line num="16" count="5" type="cond" truecount="2" falsecount="0"/>
      <line num="17" count="4" type="stmt"/>
      <line num="19" count="2" type="stmt"/>
      <line num="22" count="3" type="stmt"/>
    </file>
    <file name="memory.js" path="/Users/bruchave/Documents/_projetos/logloop/src/memory.js">
      <metrics statements="42" coveredstatements="41" conditionals="23" coveredconditionals="16" methods="9" coveredmethods="9"/>
      <line num="1" count="4" type="stmt"/>
      <line num="2" count="4" type="stmt"/>
      <line num="3" count="4" type="stmt"/>
      <line num="5" count="4" type="stmt"/>
      <line num="7" count="4" type="stmt"/>
      <line num="28" count="27" type="cond" truecount="2" falsecount="0"/>
      <line num="29" count="2" type="stmt"/>
      <line num="31" count="25" type="stmt"/>
      <line num="32" count="25" type="stmt"/>
      <line num="34" count="21" type="stmt"/>
      <line num="39" count="4" type="stmt"/>
      <line num="44" count="3" type="cond" truecount="1" falsecount="1"/>
      <line num="45" count="0" type="stmt"/>
      <line num="47" count="3" type="stmt"/>
      <line num="51" count="3" type="stmt"/>
      <line num="52" count="3" type="stmt"/>
      <line num="54" count="3" type="cond" truecount="1" falsecount="1"/>
      <line num="56" count="3" type="stmt"/>
      <line num="58" count="3" type="cond" truecount="2" falsecount="0"/>
      <line num="59" count="1" type="stmt"/>
      <line num="60" count="1" type="stmt"/>
      <line num="61" count="1" type="cond" truecount="1" falsecount="1"/>
      <line num="63" count="2" type="stmt"/>
      <line num="72" count="3" type="stmt"/>
      <line num="76" count="1" type="stmt"/>
      <line num="77" count="1" type="stmt"/>
      <line num="78" count="1" type="stmt"/>
      <line num="79" count="1" type="stmt"/>
      <line num="83" count="1" type="cond" truecount="1" falsecount="1"/>
      <line num="85" count="1" type="stmt"/>
      <line num="86" count="1" type="stmt"/>
      <line num="89" count="1" type="stmt"/>
      <line num="90" count="2" type="stmt"/>
      <line num="91" count="2" type="stmt"/>
      <line num="92" count="2" type="cond" truecount="2" falsecount="0"/>
      <line num="93" count="1" type="cond" truecount="2" falsecount="2"/>
      <line num="95" count="1" type="stmt"/>
      <line num="100" count="2" type="stmt"/>
      <line num="106" count="1" type="stmt"/>
      <line num="107" count="1" type="stmt"/>
      <line num="108" count="1" type="stmt"/>
      <line num="111" count="4" type="stmt"/>
    </file>
  </project>
</coverage>
