{"/Users/bruchave/Documents/_projetos/logloop/src/classifier.js": {"path":"/Users/bruchave/Documents/_projetos/logloop/src/classifier.js","statementMap":{"0":{"start":{"line":1,"column":13},"end":{"line":1,"column":31}},"1":{"start":{"line":2,"column":30},"end":{"line":2,"column":49}},"2":{"start":{"line":4,"column":27},"end":{"line":10,"column":1}},"3":{"start":{"line":12,"column":24},"end":{"line":20,"column":1}},"4":{"start":{"line":22,"column":18},"end":{"line":29,"column":1}},"5":{"start":{"line":31,"column":23},"end":{"line":34,"column":1}},"6":{"start":{"line":37,"column":2},"end":{"line":38,"column":54}},"7":{"start":{"line":42,"column":15},"end":{"line":42,"column":30}},"8":{"start":{"line":43,"column":16},"end":{"line":43,"column":33}},"9":{"start":{"line":44,"column":20},"end":{"line":44,"column":75}},"10":{"start":{"line":46,"column":14},"end":{"line":46,"column":17}},"11":{"start":{"line":47,"column":18},"end":{"line":47,"column":23}},"12":{"start":{"line":49,"column":2},"end":{"line":63,"column":5}},"13":{"start":{"line":50,"column":4},"end":{"line":53,"column":5}},"14":{"start":{"line":51,"column":6},"end":{"line":51,"column":23}},"15":{"start":{"line":52,"column":6},"end":{"line":52,"column":13}},"16":{"start":{"line":55,"column":20},"end":{"line":55,"column":21}},"17":{"start":{"line":56,"column":4},"end":{"line":56,"column":64}},"18":{"start":{"line":56,"column":48},"end":{"line":56,"column":64}},"19":{"start":{"line":57,"column":4},"end":{"line":57,"column":65}},"20":{"start":{"line":57,"column":48},"end":{"line":57,"column":65}},"21":{"start":{"line":59,"column":4},"end":{"line":62,"column":5}},"22":{"start":{"line":60,"column":6},"end":{"line":60,"column":50}},"23":{"start":{"line":61,"column":6},"end":{"line":61,"column":24}},"24":{"start":{"line":65,"column":2},"end":{"line":65,"column":41}},"25":{"start":{"line":65,"column":27},"end":{"line":65,"column":41}},"26":{"start":{"line":66,"column":2},"end":{"line":66,"column":41}},"27":{"start":{"line":66,"column":27},"end":{"line":66,"column":41}},"28":{"start":{"line":67,"column":2},"end":{"line":67,"column":41}},"29":{"start":{"line":71,"column":15},"end":{"line":71,"column":31}},"30":{"start":{"line":72,"column":16},"end":{"line":72,"column":20}},"31":{"start":{"line":73,"column":21},"end":{"line":73,"column":90}},"32":{"start":{"line":74,"column":2},"end":{"line":77,"column":5}},"33":{"start":{"line":75,"column":18},"end":{"line":75,"column":52}},"34":{"start":{"line":76,"column":4},"end":{"line":76,"column":56}},"35":{"start":{"line":79,"column":16},"end":{"line":81,"column":3}},"36":{"start":{"line":80,"column":4},"end":{"line":80,"column":62}},"37":{"start":{"line":82,"column":2},"end":{"line":84,"column":3}},"38":{"start":{"line":83,"column":4},"end":{"line":83,"column":115}},"39":{"start":{"line":86,"column":15},"end":{"line":90,"column":4}},"40":{"start":{"line":91,"column":23},"end":{"line":91,"column":43}},"41":{"start":{"line":92,"column":20},"end":{"line":92,"column":35}},"42":{"start":{"line":93,"column":21},"end":{"line":93,"column":58}},"43":{"start":{"line":95,"column":2},"end":{"line":100,"column":4}},"44":{"start":{"line":104,"column":2},"end":{"line":104,"column":52}},"45":{"start":{"line":104,"column":13},"end":{"line":104,"column":52}},"46":{"start":{"line":106,"column":25},"end":{"line":106,"column":71}},"47":{"start":{"line":107,"column":2},"end":{"line":107,"column":62}},"48":{"start":{"line":107,"column":23},"end":{"line":107,"column":62}},"49":{"start":{"line":109,"column":17},"end":{"line":109,"column":37}},"50":{"start":{"line":110,"column":14},"end":{"line":110,"column":69}},"51":{"start":{"line":111,"column":15},"end":{"line":111,"column":40}},"52":{"start":{"line":113,"column":23},"end":{"line":113,"column":24}},"53":{"start":{"line":114,"column":21},"end":{"line":114,"column":33}},"54":{"start":{"line":115,"column":15},"end":{"line":115,"column":34}},"55":{"start":{"line":117,"column":2},"end":{"line":123,"column":5}},"56":{"start":{"line":118,"column":4},"end":{"line":122,"column":5}},"57":{"start":{"line":118,"column":31},"end":{"line":118,"column":43}},"58":{"start":{"line":119,"column":6},"end":{"line":119,"column":27}},"59":{"start":{"line":120,"column":6},"end":{"line":120,"column":30}},"60":{"start":{"line":121,"column":6},"end":{"line":121,"column":27}},"61":{"start":{"line":125,"column":26},"end":{"line":125,"column":99}},"62":{"start":{"line":126,"column":21},"end":{"line":126,"column":43}},"63":{"start":{"line":127,"column":19},"end":{"line":127,"column":56}},"64":{"start":{"line":129,"column":2},"end":{"line":134,"column":4}},"65":{"start":{"line":138,"column":14},"end":{"line":138,"column":35}},"66":{"start":{"line":139,"column":21},"end":{"line":139,"column":53}},"67":{"start":{"line":139,"column":46},"end":{"line":139,"column":52}},"68":{"start":{"line":141,"column":2},"end":{"line":151,"column":3}},"69":{"start":{"line":142,"column":4},"end":{"line":150,"column":5}},"70":{"start":{"line":142,"column":34},"end":{"line":142,"column":49}},"71":{"start":{"line":143,"column":23},"end":{"line":143,"column":67}},"72":{"start":{"line":144,"column":6},"end":{"line":149,"column":8}},"73":{"start":{"line":153,"column":17},"end":{"line":153,"column":34}},"74":{"start":{"line":154,"column":14},"end":{"line":154,"column":59}},"75":{"start":{"line":156,"column":20},"end":{"line":156,"column":45}},"76":{"start":{"line":157,"column":29},"end":{"line":157,"column":52}},"77":{"start":{"line":159,"column":23},"end":{"line":159,"column":24}},"78":{"start":{"line":160,"column":21},"end":{"line":160,"column":33}},"79":{"start":{"line":161,"column":15},"end":{"line":161,"column":34}},"80":{"start":{"line":162,"column":23},"end":{"line":162,"column":28}},"81":{"start":{"line":164,"column":20},"end":{"line":164,"column":75}},"82":{"start":{"line":166,"column":2},"end":{"line":180,"column":5}},"83":{"start":{"line":167,"column":23},"end":{"line":167,"column":58}},"84":{"start":{"line":167,"column":46},"end":{"line":167,"column":57}},"85":{"start":{"line":168,"column":4},"end":{"line":179,"column":5}},"86":{"start":{"line":169,"column":25},"end":{"line":169,"column":64}},"87":{"start":{"line":170,"column":23},"end":{"line":170,"column":39}},"88":{"start":{"line":171,"column":32},"end":{"line":171,"column":73}},"89":{"start":{"line":171,"column":51},"end":{"line":171,"column":72}},"90":{"start":{"line":173,"column":6},"end":{"line":173,"column":50}},"91":{"start":{"line":173,"column":43},"end":{"line":173,"column":50}},"92":{"start":{"line":175,"column":6},"end":{"line":175,"column":27}},"93":{"start":{"line":176,"column":6},"end":{"line":176,"column":30}},"94":{"start":{"line":177,"column":6},"end":{"line":177,"column":27}},"95":{"start":{"line":178,"column":6},"end":{"line":178,"column":28}},"96":{"start":{"line":182,"column":35},"end":{"line":182,"column":70}},"97":{"start":{"line":183,"column":21},"end":{"line":183,"column":125}},"98":{"start":{"line":185,"column":21},"end":{"line":185,"column":75}},"99":{"start":{"line":186,"column":19},"end":{"line":186,"column":56}},"100":{"start":{"line":188,"column":2},"end":{"line":193,"column":4}},"101":{"start":{"line":196,"column":0},"end":{"line":200,"column":2}}},"fnMap":{"0":{"name":"normalize","decl":{"start":{"line":36,"column":9},"end":{"line":36,"column":18}},"loc":{"start":{"line":36,"column":25},"end":{"line":39,"column":1}},"line":36},"1":{"name":"analyzeSentiment","decl":{"start":{"line":41,"column":9},"end":{"line":41,"column":25}},"loc":{"start":{"line":41,"column":32},"end":{"line":68,"column":1}},"line":41},"2":{"name":"(anonymous_2)","decl":{"start":{"line":49,"column":16},"end":{"line":49,"column":17}},"loc":{"start":{"line":49,"column":26},"end":{"line":63,"column":3}},"line":49},"3":{"name":"runPipeline","decl":{"start":{"line":70,"column":9},"end":{"line":70,"column":20}},"loc":{"start":{"line":70,"column":72},"end":{"line":101,"column":1}},"line":70},"4":{"name":"(anonymous_4)","decl":{"start":{"line":74,"column":34},"end":{"line":74,"column":35}},"loc":{"start":{"line":74,"column":43},"end":{"line":77,"column":3}},"line":74},"5":{"name":"(anonymous_5)","decl":{"start":{"line":79,"column":44},"end":{"line":79,"column":45}},"loc":{"start":{"line":80,"column":4},"end":{"line":80,"column":62}},"line":80},"6":{"name":"classifyMessage","decl":{"start":{"line":103,"column":9},"end":{"line":103,"column":24}},"loc":{"start":{"line":103,"column":31},"end":{"line":135,"column":1}},"line":103},"7":{"name":"(anonymous_7)","decl":{"start":{"line":117,"column":29},"end":{"line":117,"column":30}},"loc":{"start":{"line":117,"column":36},"end":{"line":123,"column":3}},"line":117},"8":{"name":"(anonymous_8)","decl":{"start":{"line":118,"column":26},"end":{"line":118,"column":27}},"loc":{"start":{"line":118,"column":31},"end":{"line":118,"column":43}},"line":118},"9":{"name":"classifyMood","decl":{"start":{"line":137,"column":9},"end":{"line":137,"column":21}},"loc":{"start":{"line":137,"column":31},"end":{"line":194,"column":1}},"line":137},"10":{"name":"(anonymous_10)","decl":{"start":{"line":139,"column":41},"end":{"line":139,"column":42}},"loc":{"start":{"line":139,"column":46},"end":{"line":139,"column":52}},"line":139},"11":{"name":"(anonymous_11)","decl":{"start":{"line":142,"column":29},"end":{"line":142,"column":30}},"loc":{"start":{"line":142,"column":34},"end":{"line":142,"column":49}},"line":142},"12":{"name":"(anonymous_12)","decl":{"start":{"line":166,"column":26},"end":{"line":166,"column":27}},"loc":{"start":{"line":166,"column":33},"end":{"line":180,"column":3}},"line":166},"13":{"name":"(anonymous_13)","decl":{"start":{"line":167,"column":41},"end":{"line":167,"column":42}},"loc":{"start":{"line":167,"column":46},"end":{"line":167,"column":57}},"line":167},"14":{"name":"(anonymous_14)","decl":{"start":{"line":171,"column":46},"end":{"line":171,"column":47}},"loc":{"start":{"line":171,"column":51},"end":{"line":171,"column":72}},"line":171}},"branchMap":{"0":{"loc":{"start":{"line":50,"column":4},"end":{"line":53,"column":5}},"type":"if","locations":[{"start":{"line":50,"column":4},"end":{"line":53,"column":5}},{"start":{},"end":{}}],"line":50},"1":{"loc":{"start":{"line":56,"column":4},"end":{"line":56,"column":64}},"type":"if","locations":[{"start":{"line":56,"column":4},"end":{"line":56,"column":64}},{"start":{},"end":{}}],"line":56},"2":{"loc":{"start":{"line":57,"column":4},"end":{"line":57,"column":65}},"type":"if","locations":[{"start":{"line":57,"column":4},"end":{"line":57,"column":65}},{"start":{},"end":{}}],"line":57},"3":{"loc":{"start":{"line":59,"column":4},"end":{"line":62,"column":5}},"type":"if","locations":[{"start":{"line":59,"column":4},"end":{"line":62,"column":5}},{"start":{},"end":{}}],"line":59},"4":{"loc":{"start":{"line":60,"column":15},"end":{"line":60,"column":49}},"type":"cond-expr","locations":[{"start":{"line":60,"column":27},"end":{"line":60,"column":37}},{"start":{"line":60,"column":40},"end":{"line":60,"column":49}}],"line":60},"5":{"loc":{"start":{"line":65,"column":2},"end":{"line":65,"column":41}},"type":"if","locations":[{"start":{"line":65,"column":2},"end":{"line":65,"column":41}},{"start":{},"end":{}}],"line":65},"6":{"loc":{"start":{"line":66,"column":2},"end":{"line":66,"column":41}},"type":"if","locations":[{"start":{"line":66,"column":2},"end":{"line":66,"column":41}},{"start":{},"end":{}}],"line":66},"7":{"loc":{"start":{"line":70,"column":55},"end":{"line":70,"column":70}},"type":"default-arg","locations":[{"start":{"line":70,"column":67},"end":{"line":70,"column":70}}],"line":70},"8":{"loc":{"start":{"line":80,"column":4},"end":{"line":80,"column":62}},"type":"binary-expr","locations":[{"start":{"line":80,"column":4},"end":{"line":80,"column":28}},{"start":{"line":80,"column":32},"end":{"line":80,"column":62}}],"line":80},"9":{"loc":{"start":{"line":82,"column":2},"end":{"line":84,"column":3}},"type":"if","locations":[{"start":{"line":82,"column":2},"end":{"line":84,"column":3}},{"start":{},"end":{}}],"line":82},"10":{"loc":{"start":{"line":93,"column":21},"end":{"line":93,"column":58}},"type":"cond-expr","locations":[{"start":{"line":93,"column":34},"end":{"line":93,"column":53}},{"start":{"line":93,"column":57},"end":{"line":93,"column":58}}],"line":93},"11":{"loc":{"start":{"line":96,"column":14},"end":{"line":96,"column":62}},"type":"cond-expr","locations":[{"start":{"line":96,"column":26},"end":{"line":96,"column":45}},{"start":{"line":96,"column":48},"end":{"line":96,"column":62}}],"line":96},"12":{"loc":{"start":{"line":97,"column":14},"end":{"line":97,"column":100}},"type":"cond-expr","locations":[{"start":{"line":97,"column":34},"end":{"line":97,"column":82}},{"start":{"line":97,"column":86},"end":{"line":97,"column":100}}],"line":97},"13":{"loc":{"start":{"line":97,"column":34},"end":{"line":97,"column":82}},"type":"cond-expr","locations":[{"start":{"line":97,"column":46},"end":{"line":97,"column":65}},{"start":{"line":97,"column":68},"end":{"line":97,"column":82}}],"line":97},"14":{"loc":{"start":{"line":99,"column":37},"end":{"line":99,"column":68}},"type":"cond-expr","locations":[{"start":{"line":99,"column":49},"end":{"line":99,"column":63}},{"start":{"line":99,"column":66},"end":{"line":99,"column":68}}],"line":99},"15":{"loc":{"start":{"line":104,"column":2},"end":{"line":104,"column":52}},"type":"if","locations":[{"start":{"line":104,"column":2},"end":{"line":104,"column":52}},{"start":{},"end":{}}],"line":104},"16":{"loc":{"start":{"line":107,"column":2},"end":{"line":107,"column":62}},"type":"if","locations":[{"start":{"line":107,"column":2},"end":{"line":107,"column":62}},{"start":{},"end":{}}],"line":107},"17":{"loc":{"start":{"line":118,"column":4},"end":{"line":122,"column":5}},"type":"if","locations":[{"start":{"line":118,"column":4},"end":{"line":122,"column":5}},{"start":{},"end":{}}],"line":118},"18":{"loc":{"start":{"line":127,"column":19},"end":{"line":127,"column":56}},"type":"cond-expr","locations":[{"start":{"line":127,"column":32},"end":{"line":127,"column":44}},{"start":{"line":127,"column":47},"end":{"line":127,"column":56}}],"line":127},"19":{"loc":{"start":{"line":131,"column":14},"end":{"line":131,"column":98}},"type":"cond-expr","locations":[{"start":{"line":131,"column":28},"end":{"line":131,"column":85}},{"start":{"line":131,"column":89},"end":{"line":131,"column":98}}],"line":131},"20":{"loc":{"start":{"line":131,"column":28},"end":{"line":131,"column":85}},"type":"cond-expr","locations":[{"start":{"line":131,"column":62},"end":{"line":131,"column":74}},{"start":{"line":131,"column":77},"end":{"line":131,"column":85}}],"line":131},"21":{"loc":{"start":{"line":132,"column":16},"end":{"line":132,"column":38}},"type":"binary-expr","locations":[{"start":{"line":132,"column":16},"end":{"line":132,"column":31}},{"start":{"line":132,"column":35},"end":{"line":132,"column":38}}],"line":132},"22":{"loc":{"start":{"line":133,"column":41},"end":{"line":133,"column":73}},"type":"cond-expr","locations":[{"start":{"line":133,"column":54},"end":{"line":133,"column":60}},{"start":{"line":133,"column":63},"end":{"line":133,"column":73}}],"line":133},"23":{"loc":{"start":{"line":142,"column":4},"end":{"line":150,"column":5}},"type":"if","locations":[{"start":{"line":142,"column":4},"end":{"line":150,"column":5}},{"start":{},"end":{}}],"line":142},"24":{"loc":{"start":{"line":143,"column":23},"end":{"line":143,"column":67}},"type":"cond-expr","locations":[{"start":{"line":143,"column":51},"end":{"line":143,"column":55}},{"start":{"line":143,"column":58},"end":{"line":143,"column":67}}],"line":143},"25":{"loc":{"start":{"line":168,"column":4},"end":{"line":179,"column":5}},"type":"if","locations":[{"start":{"line":168,"column":4},"end":{"line":179,"column":5}},{"start":{},"end":{}}],"line":168},"26":{"loc":{"start":{"line":173,"column":6},"end":{"line":173,"column":50}},"type":"if","locations":[{"start":{"line":173,"column":6},"end":{"line":173,"column":50}},{"start":{},"end":{}}],"line":173},"27":{"loc":{"start":{"line":173,"column":10},"end":{"line":173,"column":41}},"type":"binary-expr","locations":[{"start":{"line":173,"column":10},"end":{"line":173,"column":27}},{"start":{"line":173,"column":31},"end":{"line":173,"column":41}}],"line":173},"28":{"loc":{"start":{"line":182,"column":35},"end":{"line":182,"column":70}},"type":"cond-expr","locations":[{"start":{"line":182,"column":52},"end":{"line":182,"column":53}},{"start":{"line":182,"column":56},"end":{"line":182,"column":70}}],"line":182},"29":{"loc":{"start":{"line":185,"column":21},"end":{"line":185,"column":75}},"type":"binary-expr","locations":[{"start":{"line":185,"column":21},"end":{"line":185,"column":38}},{"start":{"line":185,"column":42},"end":{"line":185,"column":75}}],"line":185},"30":{"loc":{"start":{"line":186,"column":19},"end":{"line":186,"column":56}},"type":"cond-expr","locations":[{"start":{"line":186,"column":32},"end":{"line":186,"column":44}},{"start":{"line":186,"column":47},"end":{"line":186,"column":56}}],"line":186},"31":{"loc":{"start":{"line":190,"column":14},"end":{"line":190,"column":98}},"type":"cond-expr","locations":[{"start":{"line":190,"column":28},"end":{"line":190,"column":85}},{"start":{"line":190,"column":89},"end":{"line":190,"column":98}}],"line":190},"32":{"loc":{"start":{"line":190,"column":28},"end":{"line":190,"column":85}},"type":"cond-expr","locations":[{"start":{"line":190,"column":62},"end":{"line":190,"column":74}},{"start":{"line":190,"column":77},"end":{"line":190,"column":85}}],"line":190},"33":{"loc":{"start":{"line":191,"column":16},"end":{"line":191,"column":33}},"type":"binary-expr","locations":[{"start":{"line":191,"column":16},"end":{"line":191,"column":26}},{"start":{"line":191,"column":30},"end":{"line":191,"column":33}}],"line":191},"34":{"loc":{"start":{"line":192,"column":41},"end":{"line":192,"column":73}},"type":"cond-expr","locations":[{"start":{"line":192,"column":54},"end":{"line":192,"column":60}},{"start":{"line":192,"column":63},"end":{"line":192,"column":73}}],"line":192}},"s":{"0":3,"1":3,"2":3,"3":3,"4":3,"5":3,"6":40,"7":7,"8":7,"9":7,"10":7,"11":7,"12":7,"13":32,"14":2,"15":2,"16":30,"17":30,"18":2,"19":30,"20":0,"21":30,"22":2,"23":2,"24":7,"25":0,"26":7,"27":0,"28":7,"29":20,"30":20,"31":20,"32":20,"33":78,"34":78,"35":20,"36":11,"37":20,"38":0,"39":20,"40":20,"41":20,"42":20,"43":20,"44":13,"45":0,"46":13,"47":13,"48":0,"49":13,"50":13,"51":13,"52":13,"53":13,"54":13,"55":13,"56":65,"57":52,"58":11,"59":11,"60":11,"61":13,"62":13,"63":13,"64":13,"65":9,"66":9,"67":63,"68":9,"69":48,"70":466,"71":2,"72":2,"73":7,"74":7,"75":7,"76":7,"77":7,"78":7,"79":7,"80":7,"81":7,"82":7,"83":49,"84":61,"85":49,"86":9,"87":9,"88":9,"89":36,"90":9,"91":2,"92":7,"93":7,"94":7,"95":7,"96":7,"97":7,"98":7,"99":7,"100":7,"101":3},"f":{"0":40,"1":7,"2":32,"3":20,"4":78,"5":11,"6":13,"7":65,"8":52,"9":9,"10":63,"11":466,"12":49,"13":61,"14":36},"b":{"0":[2,30],"1":[2,28],"2":[0,30],"3":[2,28],"4":[1,1],"5":[0,7],"6":[0,7],"7":[20],"8":[11,11],"9":[0,20],"10":[1,19],"11":[1,19],"12":[1,19],"13":[1,0],"14":[1,19],"15":[0,13],"16":[0,13],"17":[11,54],"18":[11,2],"19":[11,2],"20":[1,10],"21":[13,2],"22":[11,2],"23":[2,46],"24":[2,0],"25":[9,40],"26":[2,7],"27":[9,3],"28":[6,1],"29":[7,6],"30":[6,1],"31":[6,1],"32":[0,6],"33":[7,1],"34":[6,1]},"_coverageSchema":"1a1c01bbd47fc00a2c39e90264f33305004495a9","hash":"85c1d661d4784be3f6656e0b342279738271f9d6"}
,"/Users/bruchave/Documents/_projetos/logloop/src/config.js": {"path":"/Users/bruchave/Documents/_projetos/logloop/src/config.js","statementMap":{"0":{"start":{"line":1,"column":11},"end":{"line":1,"column":24}},"1":{"start":{"line":2,"column":13},"end":{"line":2,"column":28}},"2":{"start":{"line":3,"column":11},"end":{"line":3,"column":24}},"3":{"start":{"line":5,"column":21},"end":{"line":5,"column":59}},"4":{"start":{"line":6,"column":19},"end":{"line":6,"column":54}},"5":{"start":{"line":7,"column":22},"end":{"line":7,"column":58}},"6":{"start":{"line":9,"column":17},"end":{"line":14,"column":1}},"7":{"start":{"line":17,"column":2},"end":{"line":24,"column":3}},"8":{"start":{"line":18,"column":4},"end":{"line":23,"column":5}},"9":{"start":{"line":19,"column":6},"end":{"line":19,"column":45}},"10":{"start":{"line":21,"column":6},"end":{"line":21,"column":86}},"11":{"start":{"line":22,"column":6},"end":{"line":22,"column":19}},"12":{"start":{"line":25,"column":2},"end":{"line":25,"column":14}},"13":{"start":{"line":30,"column":2},"end":{"line":48,"column":16}},"14":{"start":{"line":31,"column":23},"end":{"line":31,"column":36}},"15":{"start":{"line":32,"column":18},"end":{"line":32,"column":44}},"16":{"start":{"line":33,"column":16},"end":{"line":33,"column":26}},"17":{"start":{"line":35,"column":4},"end":{"line":47,"column":7}},"18":{"start":{"line":37,"column":6},"end":{"line":46,"column":7}},"19":{"start":{"line":38,"column":25},"end":{"line":38,"column":52}},"20":{"start":{"line":39,"column":8},"end":{"line":45,"column":22}},"21":{"start":{"line":40,"column":24},"end":{"line":40,"column":45}},"22":{"start":{"line":41,"column":22},"end":{"line":41,"column":50}},"23":{"start":{"line":42,"column":10},"end":{"line":44,"column":11}},"24":{"start":{"line":43,"column":12},"end":{"line":43,"column":36}},"25":{"start":{"line":51,"column":0},"end":{"line":51,"column":22}},"26":{"start":{"line":52,"column":0},"end":{"line":52,"column":41}},"27":{"start":{"line":53,"column":0},"end":{"line":53,"column":19}},"28":{"start":{"line":56,"column":15},"end":{"line":56,"column":30}},"29":{"start":{"line":59,"column":2},"end":{"line":66,"column":3}},"30":{"start":{"line":60,"column":4},"end":{"line":65,"column":5}},"31":{"start":{"line":61,"column":25},"end":{"line":61,"column":75}},"32":{"start":{"line":62,"column":6},"end":{"line":62,"column":44}},"33":{"start":{"line":64,"column":6},"end":{"line":64,"column":97}},"34":{"start":{"line":69,"column":2},"end":{"line":76,"column":3}},"35":{"start":{"line":70,"column":4},"end":{"line":75,"column":5}},"36":{"start":{"line":71,"column":24},"end":{"line":71,"column":73}},"37":{"start":{"line":72,"column":6},"end":{"line":72,"column":43}},"38":{"start":{"line":74,"column":6},"end":{"line":74,"column":94}},"39":{"start":{"line":78,"column":2},"end":{"line":78,"column":16}},"40":{"start":{"line":82,"column":15},"end":{"line":82,"column":46}},"41":{"start":{"line":83,"column":2},"end":{"line":88,"column":3}},"42":{"start":{"line":84,"column":4},"end":{"line":84,"column":22}},"43":{"start":{"line":85,"column":4},"end":{"line":85,"column":50}},"44":{"start":{"line":87,"column":4},"end":{"line":87,"column":49}},"45":{"start":{"line":91,"column":0},"end":{"line":95,"column":2}}},"fnMap":{"0":{"name":"ensureDir","decl":{"start":{"line":16,"column":9},"end":{"line":16,"column":18}},"loc":{"start":{"line":16,"column":24},"end":{"line":26,"column":1}},"line":16},"1":{"name":"defensiveCleanup","decl":{"start":{"line":29,"column":9},"end":{"line":29,"column":25}},"loc":{"start":{"line":29,"column":28},"end":{"line":49,"column":1}},"line":29},"2":{"name":"(anonymous_2)","decl":{"start":{"line":35,"column":18},"end":{"line":35,"column":19}},"loc":{"start":{"line":35,"column":26},"end":{"line":47,"column":5}},"line":35},"3":{"name":"loadConfig","decl":{"start":{"line":55,"column":9},"end":{"line":55,"column":19}},"loc":{"start":{"line":55,"column":22},"end":{"line":79,"column":1}},"line":55},"4":{"name":"saveConfig","decl":{"start":{"line":81,"column":9},"end":{"line":81,"column":19}},"loc":{"start":{"line":81,"column":44},"end":{"line":89,"column":1}},"line":81}},"branchMap":{"0":{"loc":{"start":{"line":17,"column":2},"end":{"line":24,"column":3}},"type":"if","locations":[{"start":{"line":17,"column":2},"end":{"line":24,"column":3}},{"start":{},"end":{}}],"line":17},"1":{"loc":{"start":{"line":37,"column":6},"end":{"line":46,"column":7}},"type":"if","locations":[{"start":{"line":37,"column":6},"end":{"line":46,"column":7}},{"start":{},"end":{}}],"line":37},"2":{"loc":{"start":{"line":37,"column":10},"end":{"line":37,"column":87}},"type":"binary-expr","locations":[{"start":{"line":37,"column":11},"end":{"line":37,"column":33}},{"start":{"line":37,"column":37},"end":{"line":37,"column":58}},{"start":{"line":37,"column":63},"end":{"line":37,"column":87}}],"line":37},"3":{"loc":{"start":{"line":42,"column":10},"end":{"line":44,"column":11}},"type":"if","locations":[{"start":{"line":42,"column":10},"end":{"line":44,"column":11}},{"start":{},"end":{}}],"line":42},"4":{"loc":{"start":{"line":59,"column":2},"end":{"line":66,"column":3}},"type":"if","locations":[{"start":{"line":59,"column":2},"end":{"line":66,"column":3}},{"start":{},"end":{}}],"line":59},"5":{"loc":{"start":{"line":69,"column":2},"end":{"line":76,"column":3}},"type":"if","locations":[{"start":{"line":69,"column":2},"end":{"line":76,"column":3}},{"start":{},"end":{}}],"line":69},"6":{"loc":{"start":{"line":81,"column":28},"end":{"line":81,"column":42}},"type":"default-arg","locations":[{"start":{"line":81,"column":37},"end":{"line":81,"column":42}}],"line":81},"7":{"loc":{"start":{"line":83,"column":2},"end":{"line":88,"column":3}},"type":"if","locations":[{"start":{"line":83,"column":2},"end":{"line":88,"column":3}},{"start":{"line":86,"column":9},"end":{"line":88,"column":3}}],"line":83}},"s":{"0":5,"1":5,"2":5,"3":5,"4":5,"5":5,"6":5,"7":10,"8":6,"9":6,"10":2,"11":2,"12":8,"13":5,"14":5,"15":5,"16":5,"17":5,"18":36,"19":0,"20":0,"21":0,"22":0,"23":0,"24":0,"25":5,"26":5,"27":5,"28":14,"29":14,"30":8,"31":8,"32":1,"33":7,"34":14,"35":12,"36":12,"37":5,"38":7,"39":14,"40":0,"41":0,"42":0,"43":0,"44":0,"45":5},"f":{"0":10,"1":5,"2":36,"3":14,"4":0},"b":{"0":[6,4],"1":[0,36],"2":[36,36,0],"3":[0,0],"4":[8,6],"5":[12,2],"6":[0],"7":[0,0]},"_coverageSchema":"1a1c01bbd47fc00a2c39e90264f33305004495a9","hash":"6b8bac18f9d79848bad67ec84ebd1d98edbb0d41"}
,"/Users/bruchave/Documents/_projetos/logloop/src/core.js": {"path":"/Users/bruchave/Documents/_projetos/logloop/src/core.js","statementMap":{"0":{"start":{"line":1,"column":11},"end":{"line":1,"column":24}},"1":{"start":{"line":2,"column":13},"end":{"line":2,"column":28}},"2":{"start":{"line":3,"column":49},"end":{"line":3,"column":65}},"3":{"start":{"line":4,"column":28},"end":{"line":4,"column":51}},"4":{"start":{"line":5,"column":14},"end":{"line":5,"column":31}},"5":{"start":{"line":6,"column":35},"end":{"line":6,"column":54}},"6":{"start":{"line":10,"column":20},"end":{"line":10,"column":53}},"7":{"start":{"line":11,"column":17},"end":{"line":11,"column":59}},"8":{"start":{"line":12,"column":2},"end":{"line":12,"column":33}},"9":{"start":{"line":16,"column":17},"end":{"line":16,"column":29}},"10":{"start":{"line":17,"column":15},"end":{"line":17,"column":42}},"11":{"start":{"line":18,"column":19},"end":{"line":18,"column":58}},"12":{"start":{"line":20,"column":2},"end":{"line":24,"column":3}},"13":{"start":{"line":21,"column":20},"end":{"line":21,"column":49}},"14":{"start":{"line":22,"column":4},"end":{"line":22,"column":76}},"15":{"start":{"line":22,"column":33},"end":{"line":22,"column":76}},"16":{"start":{"line":23,"column":4},"end":{"line":23,"column":80}},"17":{"start":{"line":26,"column":2},"end":{"line":26,"column":95}},"18":{"start":{"line":30,"column":19},"end":{"line":30,"column":36}},"19":{"start":{"line":31,"column":16},"end":{"line":31,"column":17}},"20":{"start":{"line":32,"column":14},"end":{"line":32,"column":17}},"21":{"start":{"line":34,"column":17},"end":{"line":34,"column":22}},"22":{"start":{"line":35,"column":2},"end":{"line":47,"column":3}},"23":{"start":{"line":36,"column":4},"end":{"line":46,"column":5}},"24":{"start":{"line":37,"column":6},"end":{"line":37,"column":34}},"25":{"start":{"line":38,"column":6},"end":{"line":38,"column":22}},"26":{"start":{"line":39,"column":6},"end":{"line":39,"column":12}},"27":{"start":{"line":41,"column":6},"end":{"line":41,"column":16}},"28":{"start":{"line":42,"column":6},"end":{"line":42,"column":82}},"29":{"start":{"line":42,"column":25},"end":{"line":42,"column":82}},"30":{"start":{"line":43,"column":20},"end":{"line":43,"column":30}},"31":{"start":{"line":44,"column":6},"end":{"line":44,"column":43}},"32":{"start":{"line":45,"column":6},"end":{"line":45,"column":19}},"33":{"start":{"line":49,"column":2},"end":{"line":53,"column":3}},"34":{"start":{"line":50,"column":4},"end":{"line":50,"column":20}},"35":{"start":{"line":52,"column":4},"end":{"line":52,"column":69}},"36":{"start":{"line":52,"column":45},"end":{"line":52,"column":69}},"37":{"start":{"line":57,"column":18},"end":{"line":57,"column":30}},"38":{"start":{"line":59,"column":2},"end":{"line":78,"column":5}},"39":{"start":{"line":60,"column":29},"end":{"line":60,"column":81}},"40":{"start":{"line":61,"column":25},"end":{"line":61,"column":46}},"41":{"start":{"line":62,"column":15},"end":{"line":62,"column":27}},"42":{"start":{"line":63,"column":17},"end":{"line":63,"column":39}},"43":{"start":{"line":65,"column":18},"end":{"line":65,"column":168}},"44":{"start":{"line":67,"column":4},"end":{"line":69,"column":5}},"45":{"start":{"line":68,"column":6},"end":{"line":68,"column":54}},"46":{"start":{"line":72,"column":4},"end":{"line":72,"column":46}},"47":{"start":{"line":74,"column":4},"end":{"line":76,"column":5}},"48":{"start":{"line":75,"column":6},"end":{"line":75,"column":31}},"49":{"start":{"line":77,"column":4},"end":{"line":77,"column":16}},"50":{"start":{"line":82,"column":18},"end":{"line":82,"column":30}},"51":{"start":{"line":83,"column":2},"end":{"line":83,"column":44}},"52":{"start":{"line":83,"column":31},"end":{"line":83,"column":44}},"53":{"start":{"line":85,"column":2},"end":{"line":114,"column":5}},"54":{"start":{"line":86,"column":20},"end":{"line":86,"column":36}},"55":{"start":{"line":87,"column":18},"end":{"line":87,"column":50}},"56":{"start":{"line":88,"column":21},"end":{"line":88,"column":44}},"57":{"start":{"line":89,"column":4},"end":{"line":89,"column":42}},"58":{"start":{"line":89,"column":29},"end":{"line":89,"column":42}},"59":{"start":{"line":91,"column":22},"end":{"line":91,"column":51}},"60":{"start":{"line":92,"column":18},"end":{"line":92,"column":41}},"61":{"start":{"line":94,"column":4},"end":{"line":97,"column":5}},"62":{"start":{"line":95,"column":18},"end":{"line":95,"column":62}},"63":{"start":{"line":95,"column":39},"end":{"line":95,"column":61}},"64":{"start":{"line":96,"column":6},"end":{"line":96,"column":57}},"65":{"start":{"line":96,"column":20},"end":{"line":96,"column":57}},"66":{"start":{"line":99,"column":4},"end":{"line":106,"column":5}},"67":{"start":{"line":100,"column":18},"end":{"line":100,"column":62}},"68":{"start":{"line":100,"column":39},"end":{"line":100,"column":61}},"69":{"start":{"line":101,"column":6},"end":{"line":105,"column":7}},"70":{"start":{"line":101,"column":20},"end":{"line":101,"column":57}},"71":{"start":{"line":103,"column":25},"end":{"line":103,"column":76}},"72":{"start":{"line":103,"column":51},"end":{"line":103,"column":75}},"73":{"start":{"line":104,"column":8},"end":{"line":104,"column":59}},"74":{"start":{"line":108,"column":4},"end":{"line":108,"column":53}},"75":{"start":{"line":111,"column":4},"end":{"line":111,"column":63}},"76":{"start":{"line":112,"column":4},"end":{"line":112,"column":36}},"77":{"start":{"line":113,"column":4},"end":{"line":113,"column":16}},"78":{"start":{"line":118,"column":18},"end":{"line":118,"column":30}},"79":{"start":{"line":119,"column":2},"end":{"line":119,"column":41}},"80":{"start":{"line":119,"column":31},"end":{"line":119,"column":41}},"81":{"start":{"line":120,"column":18},"end":{"line":120,"column":50}},"82":{"start":{"line":121,"column":18},"end":{"line":121,"column":50}},"83":{"start":{"line":122,"column":2},"end":{"line":134,"column":5}},"84":{"start":{"line":123,"column":18},"end":{"line":123,"column":35}},"85":{"start":{"line":124,"column":22},"end":{"line":124,"column":47}},"86":{"start":{"line":125,"column":17},"end":{"line":125,"column":99}},"87":{"start":{"line":125,"column":34},"end":{"line":125,"column":56}},"88":{"start":{"line":126,"column":17},"end":{"line":126,"column":94}},"89":{"start":{"line":126,"column":34},"end":{"line":126,"column":56}},"90":{"start":{"line":127,"column":17},"end":{"line":127,"column":103}},"91":{"start":{"line":127,"column":55},"end":{"line":127,"column":79}},"92":{"start":{"line":128,"column":15},"end":{"line":128,"column":90}},"93":{"start":{"line":128,"column":32},"end":{"line":128,"column":52}},"94":{"start":{"line":129,"column":4},"end":{"line":133,"column":6}},"95":{"start":{"line":138,"column":18},"end":{"line":138,"column":30}},"96":{"start":{"line":139,"column":2},"end":{"line":139,"column":43}},"97":{"start":{"line":139,"column":31},"end":{"line":139,"column":43}},"98":{"start":{"line":140,"column":18},"end":{"line":140,"column":50}},"99":{"start":{"line":141,"column":19},"end":{"line":141,"column":51}},"100":{"start":{"line":142,"column":16},"end":{"line":142,"column":83}},"101":{"start":{"line":143,"column":2},"end":{"line":155,"column":5}},"102":{"start":{"line":144,"column":18},"end":{"line":144,"column":35}},"103":{"start":{"line":145,"column":17},"end":{"line":145,"column":47}},"104":{"start":{"line":146,"column":22},"end":{"line":146,"column":36}},"105":{"start":{"line":147,"column":4},"end":{"line":147,"column":72}},"106":{"start":{"line":147,"column":65},"end":{"line":147,"column":72}},"107":{"start":{"line":148,"column":17},"end":{"line":148,"column":99}},"108":{"start":{"line":148,"column":34},"end":{"line":148,"column":56}},"109":{"start":{"line":149,"column":17},"end":{"line":149,"column":99}},"110":{"start":{"line":149,"column":34},"end":{"line":149,"column":56}},"111":{"start":{"line":150,"column":4},"end":{"line":150,"column":63}},"112":{"start":{"line":151,"column":4},"end":{"line":151,"column":53}},"113":{"start":{"line":152,"column":4},"end":{"line":152,"column":78}},"114":{"start":{"line":152,"column":31},"end":{"line":152,"column":78}},"115":{"start":{"line":153,"column":4},"end":{"line":153,"column":33}},"116":{"start":{"line":154,"column":4},"end":{"line":154,"column":90}},"117":{"start":{"line":154,"column":52},"end":{"line":154,"column":90}},"118":{"start":{"line":156,"column":2},"end":{"line":156,"column":15}},"119":{"start":{"line":160,"column":16},"end":{"line":160,"column":27}},"120":{"start":{"line":161,"column":2},"end":{"line":161,"column":26}},"121":{"start":{"line":161,"column":14},"end":{"line":161,"column":26}},"122":{"start":{"line":162,"column":18},"end":{"line":162,"column":30}},"123":{"start":{"line":163,"column":18},"end":{"line":163,"column":50}},"124":{"start":{"line":164,"column":19},"end":{"line":164,"column":51}},"125":{"start":{"line":165,"column":16},"end":{"line":165,"column":54}},"126":{"start":{"line":166,"column":18},"end":{"line":166,"column":83}},"127":{"start":{"line":167,"column":2},"end":{"line":175,"column":5}},"128":{"start":{"line":168,"column":18},"end":{"line":168,"column":35}},"129":{"start":{"line":169,"column":4},"end":{"line":169,"column":44}},"130":{"start":{"line":169,"column":37},"end":{"line":169,"column":44}},"131":{"start":{"line":170,"column":17},"end":{"line":170,"column":99}},"132":{"start":{"line":170,"column":34},"end":{"line":170,"column":56}},"133":{"start":{"line":171,"column":17},"end":{"line":171,"column":103}},"134":{"start":{"line":171,"column":55},"end":{"line":171,"column":79}},"135":{"start":{"line":172,"column":4},"end":{"line":172,"column":58}},"136":{"start":{"line":172,"column":29},"end":{"line":172,"column":58}},"137":{"start":{"line":173,"column":4},"end":{"line":173,"column":58}},"138":{"start":{"line":173,"column":29},"end":{"line":173,"column":58}},"139":{"start":{"line":174,"column":4},"end":{"line":174,"column":57}},"140":{"start":{"line":174,"column":27},"end":{"line":174,"column":57}},"141":{"start":{"line":176,"column":2},"end":{"line":178,"column":3}},"142":{"start":{"line":177,"column":4},"end":{"line":177,"column":81}},"143":{"start":{"line":177,"column":62},"end":{"line":177,"column":73}},"144":{"start":{"line":179,"column":2},"end":{"line":179,"column":17}},"145":{"start":{"line":182,"column":0},"end":{"line":182,"column":98}}},"fnMap":{"0":{"name":"generateId","decl":{"start":{"line":8,"column":9},"end":{"line":8,"column":19}},"loc":{"start":{"line":8,"column":22},"end":{"line":13,"column":1}},"line":8},"1":{"name":"getLogFile","decl":{"start":{"line":15,"column":9},"end":{"line":15,"column":19}},"loc":{"start":{"line":15,"column":22},"end":{"line":27,"column":1}},"line":15},"2":{"name":"withLock","decl":{"start":{"line":29,"column":9},"end":{"line":29,"column":17}},"loc":{"start":{"line":29,"column":35},"end":{"line":54,"column":1}},"line":29},"3":{"name":"saveLog","decl":{"start":{"line":56,"column":9},"end":{"line":56,"column":16}},"loc":{"start":{"line":56,"column":37},"end":{"line":79,"column":1}},"line":56},"4":{"name":"(anonymous_4)","decl":{"start":{"line":59,"column":27},"end":{"line":59,"column":28}},"loc":{"start":{"line":59,"column":33},"end":{"line":78,"column":3}},"line":59},"5":{"name":"updateLastLog","decl":{"start":{"line":81,"column":9},"end":{"line":81,"column":22}},"loc":{"start":{"line":81,"column":37},"end":{"line":115,"column":1}},"line":81},"6":{"name":"(anonymous_6)","decl":{"start":{"line":85,"column":27},"end":{"line":85,"column":28}},"loc":{"start":{"line":85,"column":33},"end":{"line":114,"column":3}},"line":85},"7":{"name":"(anonymous_7)","decl":{"start":{"line":95,"column":34},"end":{"line":95,"column":35}},"loc":{"start":{"line":95,"column":39},"end":{"line":95,"column":61}},"line":95},"8":{"name":"(anonymous_8)","decl":{"start":{"line":100,"column":34},"end":{"line":100,"column":35}},"loc":{"start":{"line":100,"column":39},"end":{"line":100,"column":61}},"line":100},"9":{"name":"(anonymous_9)","decl":{"start":{"line":103,"column":41},"end":{"line":103,"column":42}},"loc":{"start":{"line":103,"column":51},"end":{"line":103,"column":75}},"line":103},"10":{"name":"getRecentLogs","decl":{"start":{"line":117,"column":9},"end":{"line":117,"column":22}},"loc":{"start":{"line":117,"column":34},"end":{"line":135,"column":1}},"line":117},"11":{"name":"(anonymous_11)","decl":{"start":{"line":122,"column":35},"end":{"line":122,"column":36}},"loc":{"start":{"line":122,"column":44},"end":{"line":134,"column":3}},"line":122},"12":{"name":"(anonymous_12)","decl":{"start":{"line":125,"column":29},"end":{"line":125,"column":30}},"loc":{"start":{"line":125,"column":34},"end":{"line":125,"column":56}},"line":125},"13":{"name":"(anonymous_13)","decl":{"start":{"line":126,"column":29},"end":{"line":126,"column":30}},"loc":{"start":{"line":126,"column":34},"end":{"line":126,"column":56}},"line":126},"14":{"name":"(anonymous_14)","decl":{"start":{"line":127,"column":45},"end":{"line":127,"column":46}},"loc":{"start":{"line":127,"column":55},"end":{"line":127,"column":79}},"line":127},"15":{"name":"(anonymous_15)","decl":{"start":{"line":128,"column":27},"end":{"line":128,"column":28}},"loc":{"start":{"line":128,"column":32},"end":{"line":128,"column":52}},"line":128},"16":{"name":"getStats","decl":{"start":{"line":137,"column":9},"end":{"line":137,"column":17}},"loc":{"start":{"line":137,"column":28},"end":{"line":157,"column":1}},"line":137},"17":{"name":"(anonymous_17)","decl":{"start":{"line":143,"column":19},"end":{"line":143,"column":20}},"loc":{"start":{"line":143,"column":28},"end":{"line":155,"column":3}},"line":143},"18":{"name":"(anonymous_18)","decl":{"start":{"line":148,"column":29},"end":{"line":148,"column":30}},"loc":{"start":{"line":148,"column":34},"end":{"line":148,"column":56}},"line":148},"19":{"name":"(anonymous_19)","decl":{"start":{"line":149,"column":29},"end":{"line":149,"column":30}},"loc":{"start":{"line":149,"column":34},"end":{"line":149,"column":56}},"line":149},"20":{"name":"getDailySummary","decl":{"start":{"line":159,"column":9},"end":{"line":159,"column":24}},"loc":{"start":{"line":159,"column":27},"end":{"line":180,"column":1}},"line":159},"21":{"name":"(anonymous_21)","decl":{"start":{"line":167,"column":19},"end":{"line":167,"column":20}},"loc":{"start":{"line":167,"column":28},"end":{"line":175,"column":3}},"line":167},"22":{"name":"(anonymous_22)","decl":{"start":{"line":170,"column":29},"end":{"line":170,"column":30}},"loc":{"start":{"line":170,"column":34},"end":{"line":170,"column":56}},"line":170},"23":{"name":"(anonymous_23)","decl":{"start":{"line":171,"column":45},"end":{"line":171,"column":46}},"loc":{"start":{"line":171,"column":55},"end":{"line":171,"column":79}},"line":171},"24":{"name":"(anonymous_24)","decl":{"start":{"line":177,"column":52},"end":{"line":177,"column":53}},"loc":{"start":{"line":177,"column":62},"end":{"line":177,"column":73}},"line":177}},"branchMap":{"0":{"loc":{"start":{"line":17,"column":15},"end":{"line":17,"column":42}},"type":"binary-expr","locations":[{"start":{"line":17,"column":15},"end":{"line":17,"column":30}},{"start":{"line":17,"column":34},"end":{"line":17,"column":42}}],"line":17},"1":{"loc":{"start":{"line":20,"column":2},"end":{"line":24,"column":3}},"type":"if","locations":[{"start":{"line":20,"column":2},"end":{"line":24,"column":3}},{"start":{},"end":{}}],"line":20},"2":{"loc":{"start":{"line":22,"column":4},"end":{"line":22,"column":76}},"type":"if","locations":[{"start":{"line":22,"column":4},"end":{"line":22,"column":76}},{"start":{},"end":{}}],"line":22},"3":{"loc":{"start":{"line":26,"column":34},"end":{"line":26,"column":93}},"type":"cond-expr","locations":[{"start":{"line":26,"column":54},"end":{"line":26,"column":66}},{"start":{"line":26,"column":69},"end":{"line":26,"column":93}}],"line":26},"4":{"loc":{"start":{"line":42,"column":6},"end":{"line":42,"column":82}},"type":"if","locations":[{"start":{"line":42,"column":6},"end":{"line":42,"column":82}},{"start":{},"end":{}}],"line":42},"5":{"loc":{"start":{"line":42,"column":41},"end":{"line":42,"column":80}},"type":"binary-expr","locations":[{"start":{"line":42,"column":41},"end":{"line":42,"column":59}},{"start":{"line":42,"column":63},"end":{"line":42,"column":80}}],"line":42},"6":{"loc":{"start":{"line":52,"column":4},"end":{"line":52,"column":69}},"type":"if","locations":[{"start":{"line":52,"column":4},"end":{"line":52,"column":69}},{"start":{},"end":{}}],"line":52},"7":{"loc":{"start":{"line":52,"column":8},"end":{"line":52,"column":43}},"type":"binary-expr","locations":[{"start":{"line":52,"column":8},"end":{"line":52,"column":16}},{"start":{"line":52,"column":20},"end":{"line":52,"column":43}}],"line":52},"8":{"loc":{"start":{"line":56,"column":23},"end":{"line":56,"column":35}},"type":"default-arg","locations":[{"start":{"line":56,"column":33},"end":{"line":56,"column":35}}],"line":56},"9":{"loc":{"start":{"line":60,"column":29},"end":{"line":60,"column":81}},"type":"binary-expr","locations":[{"start":{"line":60,"column":29},"end":{"line":60,"column":45}},{"start":{"line":60,"column":49},"end":{"line":60,"column":81}}],"line":60},"10":{"loc":{"start":{"line":63,"column":17},"end":{"line":63,"column":39}},"type":"binary-expr","locations":[{"start":{"line":63,"column":17},"end":{"line":63,"column":29}},{"start":{"line":63,"column":33},"end":{"line":63,"column":39}}],"line":63},"11":{"loc":{"start":{"line":65,"column":76},"end":{"line":65,"column":90}},"type":"binary-expr","locations":[{"start":{"line":65,"column":76},"end":{"line":65,"column":80}},{"start":{"line":65,"column":84},"end":{"line":65,"column":90}}],"line":65},"12":{"loc":{"start":{"line":65,"column":103},"end":{"line":65,"column":119}},"type":"binary-expr","locations":[{"start":{"line":65,"column":103},"end":{"line":65,"column":109}},{"start":{"line":65,"column":113},"end":{"line":65,"column":119}}],"line":65},"13":{"loc":{"start":{"line":67,"column":4},"end":{"line":69,"column":5}},"type":"if","locations":[{"start":{"line":67,"column":4},"end":{"line":69,"column":5}},{"start":{},"end":{}}],"line":67},"14":{"loc":{"start":{"line":74,"column":4},"end":{"line":76,"column":5}},"type":"if","locations":[{"start":{"line":74,"column":4},"end":{"line":76,"column":5}},{"start":{},"end":{}}],"line":74},"15":{"loc":{"start":{"line":74,"column":8},"end":{"line":74,"column":79}},"type":"binary-expr","locations":[{"start":{"line":74,"column":8},"end":{"line":74,"column":28}},{"start":{"line":74,"column":32},"end":{"line":74,"column":43}},{"start":{"line":74,"column":47},"end":{"line":74,"column":79}}],"line":74},"16":{"loc":{"start":{"line":81,"column":23},"end":{"line":81,"column":35}},"type":"default-arg","locations":[{"start":{"line":81,"column":33},"end":{"line":81,"column":35}}],"line":81},"17":{"loc":{"start":{"line":83,"column":2},"end":{"line":83,"column":44}},"type":"if","locations":[{"start":{"line":83,"column":2},"end":{"line":83,"column":44}},{"start":{},"end":{}}],"line":83},"18":{"loc":{"start":{"line":89,"column":4},"end":{"line":89,"column":42}},"type":"if","locations":[{"start":{"line":89,"column":4},"end":{"line":89,"column":42}},{"start":{},"end":{}}],"line":89},"19":{"loc":{"start":{"line":94,"column":4},"end":{"line":97,"column":5}},"type":"if","locations":[{"start":{"line":94,"column":4},"end":{"line":97,"column":5}},{"start":{},"end":{}}],"line":94},"20":{"loc":{"start":{"line":96,"column":6},"end":{"line":96,"column":57}},"type":"if","locations":[{"start":{"line":96,"column":6},"end":{"line":96,"column":57}},{"start":{},"end":{}}],"line":96},"21":{"loc":{"start":{"line":99,"column":4},"end":{"line":106,"column":5}},"type":"if","locations":[{"start":{"line":99,"column":4},"end":{"line":106,"column":5}},{"start":{},"end":{}}],"line":99},"22":{"loc":{"start":{"line":101,"column":6},"end":{"line":105,"column":7}},"type":"if","locations":[{"start":{"line":101,"column":6},"end":{"line":105,"column":7}},{"start":{"line":102,"column":11},"end":{"line":105,"column":7}}],"line":101},"23":{"loc":{"start":{"line":103,"column":51},"end":{"line":103,"column":75}},"type":"binary-expr","locations":[{"start":{"line":103,"column":51},"end":{"line":103,"column":56}},{"start":{"line":103,"column":60},"end":{"line":103,"column":75}}],"line":103},"24":{"loc":{"start":{"line":117,"column":23},"end":{"line":117,"column":32}},"type":"default-arg","locations":[{"start":{"line":117,"column":31},"end":{"line":117,"column":32}}],"line":117},"25":{"loc":{"start":{"line":119,"column":2},"end":{"line":119,"column":41}},"type":"if","locations":[{"start":{"line":119,"column":2},"end":{"line":119,"column":41}},{"start":{},"end":{}}],"line":119},"26":{"loc":{"start":{"line":125,"column":17},"end":{"line":125,"column":99}},"type":"binary-expr","locations":[{"start":{"line":125,"column":17},"end":{"line":125,"column":86}},{"start":{"line":125,"column":90},"end":{"line":125,"column":99}}],"line":125},"27":{"loc":{"start":{"line":125,"column":18},"end":{"line":125,"column":63}},"type":"binary-expr","locations":[{"start":{"line":125,"column":18},"end":{"line":125,"column":57}},{"start":{"line":125,"column":61},"end":{"line":125,"column":63}}],"line":125},"28":{"loc":{"start":{"line":126,"column":17},"end":{"line":126,"column":94}},"type":"binary-expr","locations":[{"start":{"line":126,"column":17},"end":{"line":126,"column":86}},{"start":{"line":126,"column":90},"end":{"line":126,"column":94}}],"line":126},"29":{"loc":{"start":{"line":126,"column":18},"end":{"line":126,"column":63}},"type":"binary-expr","locations":[{"start":{"line":126,"column":18},"end":{"line":126,"column":57}},{"start":{"line":126,"column":61},"end":{"line":126,"column":63}}],"line":126},"30":{"loc":{"start":{"line":127,"column":55},"end":{"line":127,"column":79}},"type":"binary-expr","locations":[{"start":{"line":127,"column":55},"end":{"line":127,"column":60}},{"start":{"line":127,"column":64},"end":{"line":127,"column":79}}],"line":127},"31":{"loc":{"start":{"line":128,"column":15},"end":{"line":128,"column":90}},"type":"binary-expr","locations":[{"start":{"line":128,"column":15},"end":{"line":128,"column":80}},{"start":{"line":128,"column":84},"end":{"line":128,"column":90}}],"line":128},"32":{"loc":{"start":{"line":128,"column":16},"end":{"line":128,"column":59}},"type":"binary-expr","locations":[{"start":{"line":128,"column":16},"end":{"line":128,"column":53}},{"start":{"line":128,"column":57},"end":{"line":128,"column":59}}],"line":128},"33":{"loc":{"start":{"line":132,"column":12},"end":{"line":132,"column":67}},"type":"cond-expr","locations":[{"start":{"line":132,"column":31},"end":{"line":132,"column":60}},{"start":{"line":132,"column":63},"end":{"line":132,"column":67}}],"line":132},"34":{"loc":{"start":{"line":137,"column":18},"end":{"line":137,"column":26}},"type":"default-arg","locations":[{"start":{"line":137,"column":25},"end":{"line":137,"column":26}}],"line":137},"35":{"loc":{"start":{"line":139,"column":2},"end":{"line":139,"column":43}},"type":"if","locations":[{"start":{"line":139,"column":2},"end":{"line":139,"column":43}},{"start":{},"end":{}}],"line":139},"36":{"loc":{"start":{"line":145,"column":18},"end":{"line":145,"column":32}},"type":"binary-expr","locations":[{"start":{"line":145,"column":18},"end":{"line":145,"column":26}},{"start":{"line":145,"column":30},"end":{"line":145,"column":32}}],"line":145},"37":{"loc":{"start":{"line":147,"column":4},"end":{"line":147,"column":72}},"type":"if","locations":[{"start":{"line":147,"column":4},"end":{"line":147,"column":72}},{"start":{},"end":{}}],"line":147},"38":{"loc":{"start":{"line":148,"column":17},"end":{"line":148,"column":99}},"type":"binary-expr","locations":[{"start":{"line":148,"column":17},"end":{"line":148,"column":86}},{"start":{"line":148,"column":90},"end":{"line":148,"column":99}}],"line":148},"39":{"loc":{"start":{"line":148,"column":18},"end":{"line":148,"column":63}},"type":"binary-expr","locations":[{"start":{"line":148,"column":18},"end":{"line":148,"column":57}},{"start":{"line":148,"column":61},"end":{"line":148,"column":63}}],"line":148},"40":{"loc":{"start":{"line":149,"column":17},"end":{"line":149,"column":99}},"type":"binary-expr","locations":[{"start":{"line":149,"column":17},"end":{"line":149,"column":86}},{"start":{"line":149,"column":90},"end":{"line":149,"column":99}}],"line":149},"41":{"loc":{"start":{"line":149,"column":18},"end":{"line":149,"column":63}},"type":"binary-expr","locations":[{"start":{"line":149,"column":18},"end":{"line":149,"column":57}},{"start":{"line":149,"column":61},"end":{"line":149,"column":63}}],"line":149},"42":{"loc":{"start":{"line":150,"column":30},"end":{"line":150,"column":57}},"type":"binary-expr","locations":[{"start":{"line":150,"column":30},"end":{"line":150,"column":52}},{"start":{"line":150,"column":56},"end":{"line":150,"column":57}}],"line":150},"43":{"loc":{"start":{"line":151,"column":25},"end":{"line":151,"column":47}},"type":"binary-expr","locations":[{"start":{"line":151,"column":25},"end":{"line":151,"column":42}},{"start":{"line":151,"column":46},"end":{"line":151,"column":47}}],"line":151},"44":{"loc":{"start":{"line":152,"column":4},"end":{"line":152,"column":78}},"type":"if","locations":[{"start":{"line":152,"column":4},"end":{"line":152,"column":78}},{"start":{},"end":{}}],"line":152},"45":{"loc":{"start":{"line":154,"column":4},"end":{"line":154,"column":90}},"type":"if","locations":[{"start":{"line":154,"column":4},"end":{"line":154,"column":90}},{"start":{},"end":{}}],"line":154},"46":{"loc":{"start":{"line":161,"column":2},"end":{"line":161,"column":26}},"type":"if","locations":[{"start":{"line":161,"column":2},"end":{"line":161,"column":26}},{"start":{},"end":{}}],"line":161},"47":{"loc":{"start":{"line":169,"column":4},"end":{"line":169,"column":44}},"type":"if","locations":[{"start":{"line":169,"column":4},"end":{"line":169,"column":44}},{"start":{},"end":{}}],"line":169},"48":{"loc":{"start":{"line":170,"column":17},"end":{"line":170,"column":99}},"type":"binary-expr","locations":[{"start":{"line":170,"column":17},"end":{"line":170,"column":86}},{"start":{"line":170,"column":90},"end":{"line":170,"column":99}}],"line":170},"49":{"loc":{"start":{"line":170,"column":18},"end":{"line":170,"column":63}},"type":"binary-expr","locations":[{"start":{"line":170,"column":18},"end":{"line":170,"column":57}},{"start":{"line":170,"column":61},"end":{"line":170,"column":63}}],"line":170},"50":{"loc":{"start":{"line":171,"column":55},"end":{"line":171,"column":79}},"type":"binary-expr","locations":[{"start":{"line":171,"column":55},"end":{"line":171,"column":60}},{"start":{"line":171,"column":64},"end":{"line":171,"column":79}}],"line":171},"51":{"loc":{"start":{"line":172,"column":4},"end":{"line":172,"column":58}},"type":"if","locations":[{"start":{"line":172,"column":4},"end":{"line":172,"column":58}},{"start":{},"end":{}}],"line":172},"52":{"loc":{"start":{"line":173,"column":4},"end":{"line":173,"column":58}},"type":"if","locations":[{"start":{"line":173,"column":4},"end":{"line":173,"column":58}},{"start":{},"end":{}}],"line":173},"53":{"loc":{"start":{"line":174,"column":4},"end":{"line":174,"column":57}},"type":"if","locations":[{"start":{"line":174,"column":4},"end":{"line":174,"column":57}},{"start":{},"end":{}}],"line":174},"54":{"loc":{"start":{"line":176,"column":2},"end":{"line":178,"column":3}},"type":"if","locations":[{"start":{"line":176,"column":2},"end":{"line":178,"column":3}},{"start":{},"end":{}}],"line":176}},"s":{"0":2,"1":2,"2":2,"3":2,"4":2,"5":2,"6":3,"7":3,"8":3,"9":11,"10":11,"11":11,"12":11,"13":0,"14":0,"15":0,"16":0,"17":11,"18":4,"19":4,"20":4,"21":4,"22":4,"23":4,"24":4,"25":4,"26":4,"27":0,"28":0,"29":0,"30":0,"31":0,"32":0,"33":4,"34":4,"35":4,"36":3,"37":3,"38":3,"39":3,"40":3,"41":3,"42":3,"43":3,"44":3,"45":1,"46":3,"47":3,"48":0,"49":3,"50":1,"51":1,"52":0,"53":1,"54":1,"55":1,"56":1,"57":1,"58":0,"59":1,"60":1,"61":1,"62":1,"63":3,"64":1,"65":1,"66":1,"67":1,"68":6,"69":1,"70":0,"71":1,"72":4,"73":1,"74":1,"75":1,"76":1,"77":1,"78":3,"79":3,"80":0,"81":3,"82":3,"83":3,"84":3,"85":3,"86":3,"87":9,"88":3,"89":13,"90":3,"91":14,"92":3,"93":6,"94":3,"95":3,"96":3,"97":0,"98":3,"99":3,"100":3,"101":3,"102":5,"103":5,"104":5,"105":5,"106":0,"107":5,"108":15,"109":5,"110":20,"111":5,"112":5,"113":5,"114":3,"115":5,"116":5,"117":5,"118":3,"119":1,"120":1,"121":0,"122":1,"123":1,"124":1,"125":1,"126":1,"127":1,"128":2,"129":2,"130":0,"131":2,"132":6,"133":2,"134":10,"135":2,"136":1,"137":2,"138":0,"139":2,"140":1,"141":1,"142":1,"143":1,"144":1,"145":2},"f":{"0":3,"1":11,"2":4,"3":3,"4":3,"5":1,"6":1,"7":3,"8":6,"9":4,"10":3,"11":3,"12":9,"13":13,"14":14,"15":6,"16":3,"17":5,"18":15,"19":20,"20":1,"21":2,"22":6,"23":10,"24":1},"b":{"0":[11,11],"1":[0,11],"2":[0,0],"3":[11,0],"4":[0,0],"5":[0,0],"6":[3,1],"7":[4,4],"8":[3],"9":[3,0],"10":[3,3],"11":[3,0],"12":[3,0],"13":[1,2],"14":[0,3],"15":[3,0,0],"16":[0],"17":[0,1],"18":[0,1],"19":[1,0],"20":[1,0],"21":[1,0],"22":[0,1],"23":[4,3],"24":[0],"25":[0,3],"26":[3,0],"27":[3,0],"28":[3,1],"29":[3,1],"30":[14,11],"31":[3,0],"32":[3,0],"33":[0,3],"34":[0],"35":[0,3],"36":[5,0],"37":[0,5],"38":[5,0],"39":[5,0],"40":[5,0],"41":[5,0],"42":[5,5],"43":[5,5],"44":[3,2],"45":[5,0],"46":[0,1],"47":[0,2],"48":[2,0],"49":[2,0],"50":[10,8],"51":[1,1],"52":[0,2],"53":[1,1],"54":[1,0]},"_coverageSchema":"1a1c01bbd47fc00a2c39e90264f33305004495a9","hash":"105a74fcd0432973f1ff13a20e1dee7c5c8c4f51"}
,"/Users/bruchave/Documents/_projetos/logloop/src/i18n.js": {"path":"/Users/bruchave/Documents/_projetos/logloop/src/i18n.js","statementMap":{"0":{"start":{"line":1,"column":23},"end":{"line":1,"column":42}},"1":{"start":{"line":3,"column":11},"end":{"line":3,"column":39}},"2":{"start":{"line":4,"column":11},"end":{"line":4,"column":39}},"3":{"start":{"line":6,"column":16},"end":{"line":6,"column":26}},"4":{"start":{"line":9,"column":17},"end":{"line":9,"column":29}},"5":{"start":{"line":10,"column":15},"end":{"line":10,"column":34}},"6":{"start":{"line":11,"column":18},"end":{"line":11,"column":48}},"7":{"start":{"line":13,"column":16},"end":{"line":13,"column":31}},"8":{"start":{"line":14,"column":14},"end":{"line":14,"column":21}},"9":{"start":{"line":15,"column":2},"end":{"line":18,"column":3}},"10":{"start":{"line":16,"column":4},"end":{"line":16,"column":47}},"11":{"start":{"line":16,"column":35},"end":{"line":16,"column":47}},"12":{"start":{"line":17,"column":4},"end":{"line":17,"column":24}},"13":{"start":{"line":19,"column":2},"end":{"line":19,"column":15}},"14":{"start":{"line":22,"column":0},"end":{"line":22,"column":23}}},"fnMap":{"0":{"name":"t","decl":{"start":{"line":8,"column":9},"end":{"line":8,"column":10}},"loc":{"start":{"line":8,"column":17},"end":{"line":20,"column":1}},"line":8}},"branchMap":{"0":{"loc":{"start":{"line":10,"column":15},"end":{"line":10,"column":34}},"type":"binary-expr","locations":[{"start":{"line":10,"column":15},"end":{"line":10,"column":26}},{"start":{"line":10,"column":30},"end":{"line":10,"column":34}}],"line":10},"1":{"loc":{"start":{"line":11,"column":18},"end":{"line":11,"column":48}},"type":"binary-expr","locations":[{"start":{"line":11,"column":18},"end":{"line":11,"column":31}},{"start":{"line":11,"column":35},"end":{"line":11,"column":48}}],"line":11},"2":{"loc":{"start":{"line":16,"column":4},"end":{"line":16,"column":47}},"type":"if","locations":[{"start":{"line":16,"column":4},"end":{"line":16,"column":47}},{"start":{},"end":{}}],"line":16}},"s":{"0":3,"1":3,"2":3,"3":3,"4":3,"5":3,"6":3,"7":3,"8":3,"9":3,"10":5,"11":1,"12":4,"13":2,"14":3},"f":{"0":3},"b":{"0":[3,0],"1":[3,0],"2":[1,4]},"_coverageSchema":"1a1c01bbd47fc00a2c39e90264f33305004495a9","hash":"0acf5dd1c0e191904dc5b19417dda3bbbae92a92"}
,"/Users/bruchave/Documents/_projetos/logloop/src/memory.js": {"path":"/Users/bruchave/Documents/_projetos/logloop/src/memory.js","statementMap":{"0":{"start":{"line":1,"column":11},"end":{"line":1,"column":24}},"1":{"start":{"line":2,"column":13},"end":{"line":2,"column":28}},"2":{"start":{"line":3,"column":23},"end":{"line":3,"column":42}},"3":{"start":{"line":5,"column":20},"end":{"line":5,"column":56}},"4":{"start":{"line":7,"column":23},"end":{"line":25,"column":1}},"5":{"start":{"line":28,"column":2},"end":{"line":30,"column":3}},"6":{"start":{"line":29,"column":4},"end":{"line":29,"column":26}},"7":{"start":{"line":31,"column":2},"end":{"line":40,"column":3}},"8":{"start":{"line":32,"column":17},"end":{"line":32,"column":65}},"9":{"start":{"line":34,"column":4},"end":{"line":37,"column":6}},"10":{"start":{"line":39,"column":4},"end":{"line":39,"column":26}},"11":{"start":{"line":44,"column":2},"end":{"line":46,"column":3}},"12":{"start":{"line":45,"column":4},"end":{"line":45,"column":50}},"13":{"start":{"line":47,"column":2},"end":{"line":47,"column":73}},"14":{"start":{"line":51,"column":17},"end":{"line":51,"column":29}},"15":{"start":{"line":52,"column":21},"end":{"line":52,"column":47}},"16":{"start":{"line":54,"column":2},"end":{"line":54,"column":78}},"17":{"start":{"line":54,"column":23},"end":{"line":54,"column":78}},"18":{"start":{"line":56,"column":24},"end":{"line":56,"column":91}},"19":{"start":{"line":56,"column":63},"end":{"line":56,"column":90}},"20":{"start":{"line":58,"column":2},"end":{"line":70,"column":3}},"21":{"start":{"line":59,"column":4},"end":{"line":59,"column":63}},"22":{"start":{"line":60,"column":4},"end":{"line":60,"column":63}},"23":{"start":{"line":61,"column":4},"end":{"line":61,"column":107}},"24":{"start":{"line":63,"column":4},"end":{"line":69,"column":7}},"25":{"start":{"line":72,"column":2},"end":{"line":72,"column":21}},"26":{"start":{"line":76,"column":17},"end":{"line":76,"column":29}},"27":{"start":{"line":77,"column":15},"end":{"line":77,"column":46}},"28":{"start":{"line":78,"column":2},"end":{"line":78,"column":43}},"29":{"start":{"line":79,"column":2},"end":{"line":79,"column":14}},"30":{"start":{"line":83,"column":2},"end":{"line":83,"column":47}},"31":{"start":{"line":83,"column":34},"end":{"line":83,"column":47}},"32":{"start":{"line":85,"column":18},"end":{"line":85,"column":30}},"33":{"start":{"line":86,"column":19},"end":{"line":86,"column":66}},"34":{"start":{"line":89,"column":2},"end":{"line":104,"column":5}},"35":{"start":{"line":90,"column":4},"end":{"line":97,"column":7}},"36":{"start":{"line":91,"column":23},"end":{"line":91,"column":83}},"37":{"start":{"line":91,"column":58},"end":{"line":91,"column":82}},"38":{"start":{"line":92,"column":6},"end":{"line":96,"column":7}},"39":{"start":{"line":93,"column":8},"end":{"line":93,"column":69}},"40":{"start":{"line":95,"column":8},"end":{"line":95,"column":46}},"41":{"start":{"line":100,"column":4},"end":{"line":103,"column":6}},"42":{"start":{"line":106,"column":21},"end":{"line":106,"column":57}},"43":{"start":{"line":107,"column":2},"end":{"line":107,"column":73}},"44":{"start":{"line":108,"column":2},"end":{"line":108,"column":14}},"45":{"start":{"line":111,"column":0},"end":{"line":117,"column":2}}},"fnMap":{"0":{"name":"loadMemory","decl":{"start":{"line":27,"column":9},"end":{"line":27,"column":19}},"loc":{"start":{"line":27,"column":22},"end":{"line":41,"column":1}},"line":27},"1":{"name":"saveMemory","decl":{"start":{"line":43,"column":9},"end":{"line":43,"column":19}},"loc":{"start":{"line":43,"column":28},"end":{"line":48,"column":1}},"line":43},"2":{"name":"learn","decl":{"start":{"line":50,"column":9},"end":{"line":50,"column":14}},"loc":{"start":{"line":50,"column":62},"end":{"line":73,"column":1}},"line":50},"3":{"name":"(anonymous_3)","decl":{"start":{"line":56,"column":58},"end":{"line":56,"column":59}},"loc":{"start":{"line":56,"column":63},"end":{"line":56,"column":90}},"line":56},"4":{"name":"exportMemory","decl":{"start":{"line":75,"column":9},"end":{"line":75,"column":21}},"loc":{"start":{"line":75,"column":32},"end":{"line":80,"column":1}},"line":75},"5":{"name":"importMemory","decl":{"start":{"line":82,"column":9},"end":{"line":82,"column":21}},"loc":{"start":{"line":82,"column":34},"end":{"line":109,"column":1}},"line":82},"6":{"name":"(anonymous_6)","decl":{"start":{"line":89,"column":30},"end":{"line":89,"column":31}},"loc":{"start":{"line":89,"column":40},"end":{"line":104,"column":3}},"line":89},"7":{"name":"(anonymous_7)","decl":{"start":{"line":90,"column":38},"end":{"line":90,"column":39}},"loc":{"start":{"line":90,"column":48},"end":{"line":97,"column":5}},"line":90},"8":{"name":"(anonymous_8)","decl":{"start":{"line":91,"column":53},"end":{"line":91,"column":54}},"loc":{"start":{"line":91,"column":58},"end":{"line":91,"column":82}},"line":91}},"branchMap":{"0":{"loc":{"start":{"line":28,"column":2},"end":{"line":30,"column":3}},"type":"if","locations":[{"start":{"line":28,"column":2},"end":{"line":30,"column":3}},{"start":{},"end":{}}],"line":28},"1":{"loc":{"start":{"line":35,"column":48},"end":{"line":35,"column":66}},"type":"binary-expr","locations":[{"start":{"line":35,"column":48},"end":{"line":35,"column":60}},{"start":{"line":35,"column":64},"end":{"line":35,"column":66}}],"line":35},"2":{"loc":{"start":{"line":36,"column":42},"end":{"line":36,"column":57}},"type":"binary-expr","locations":[{"start":{"line":36,"column":42},"end":{"line":36,"column":51}},{"start":{"line":36,"column":55},"end":{"line":36,"column":57}}],"line":36},"3":{"loc":{"start":{"line":44,"column":2},"end":{"line":46,"column":3}},"type":"if","locations":[{"start":{"line":44,"column":2},"end":{"line":46,"column":3}},{"start":{},"end":{}}],"line":44},"4":{"loc":{"start":{"line":50,"column":42},"end":{"line":50,"column":60}},"type":"default-arg","locations":[{"start":{"line":50,"column":51},"end":{"line":50,"column":60}}],"line":50},"5":{"loc":{"start":{"line":54,"column":2},"end":{"line":54,"column":78}},"type":"if","locations":[{"start":{"line":54,"column":2},"end":{"line":54,"column":78}},{"start":{},"end":{}}],"line":54},"6":{"loc":{"start":{"line":58,"column":2},"end":{"line":70,"column":3}},"type":"if","locations":[{"start":{"line":58,"column":2},"end":{"line":70,"column":3}},{"start":{"line":62,"column":9},"end":{"line":70,"column":3}}],"line":58},"7":{"loc":{"start":{"line":61,"column":52},"end":{"line":61,"column":101}},"type":"binary-expr","locations":[{"start":{"line":61,"column":52},"end":{"line":61,"column":96}},{"start":{"line":61,"column":100},"end":{"line":61,"column":101}}],"line":61},"8":{"loc":{"start":{"line":83,"column":2},"end":{"line":83,"column":47}},"type":"if","locations":[{"start":{"line":83,"column":2},"end":{"line":83,"column":47}},{"start":{},"end":{}}],"line":83},"9":{"loc":{"start":{"line":92,"column":6},"end":{"line":96,"column":7}},"type":"if","locations":[{"start":{"line":92,"column":6},"end":{"line":96,"column":7}},{"start":{"line":94,"column":13},"end":{"line":96,"column":7}}],"line":92},"10":{"loc":{"start":{"line":93,"column":26},"end":{"line":93,"column":45}},"type":"binary-expr","locations":[{"start":{"line":93,"column":26},"end":{"line":93,"column":40}},{"start":{"line":93,"column":44},"end":{"line":93,"column":45}}],"line":93},"11":{"loc":{"start":{"line":93,"column":50},"end":{"line":93,"column":67}},"type":"binary-expr","locations":[{"start":{"line":93,"column":50},"end":{"line":93,"column":62}},{"start":{"line":93,"column":66},"end":{"line":93,"column":67}}],"line":93}},"s":{"0":4,"1":4,"2":4,"3":4,"4":4,"5":27,"6":2,"7":25,"8":25,"9":21,"10":4,"11":3,"12":0,"13":3,"14":3,"15":3,"16":3,"17":0,"18":3,"19":1,"20":3,"21":1,"22":1,"23":1,"24":2,"25":3,"26":1,"27":1,"28":1,"29":1,"30":1,"31":0,"32":1,"33":1,"34":1,"35":2,"36":2,"37":2,"38":2,"39":1,"40":1,"41":2,"42":1,"43":1,"44":1,"45":4},"f":{"0":27,"1":3,"2":3,"3":1,"4":1,"5":1,"6":2,"7":2,"8":2},"b":{"0":[2,25],"1":[21,1],"2":[21,1],"3":[0,3],"4":[0],"5":[0,3],"6":[1,2],"7":[1,0],"8":[0,1],"9":[1,1],"10":[1,0],"11":[1,0]},"_coverageSchema":"1a1c01bbd47fc00a2c39e90264f33305004495a9","hash":"5063f074396867c130b2fb8a1338bec0b34d7992"}
}
