{"/Users/bruchave/Documents/_projetos/logloop/src/classifier.js": {"path":"/Users/bruchave/Documents/_projetos/logloop/src/classifier.js","statementMap":{"0":{"start":{"line":1,"column":13},"end":{"line":1,"column":31}},"1":{"start":{"line":2,"column":30},"end":{"line":2,"column":49}},"2":{"start":{"line":4,"column":27},"end":{"line":10,"column":1}},"3":{"start":{"line":12,"column":24},"end":{"line":20,"column":1}},"4":{"start":{"line":22,"column":18},"end":{"line":29,"column":1}},"5":{"start":{"line":31,"column":23},"end":{"line":34,"column":1}},"6":{"start":{"line":37,"column":2},"end":{"line":38,"column":54}},"7":{"start":{"line":42,"column":15},"end":{"line":42,"column":30}},"8":{"start":{"line":43,"column":16},"end":{"line":43,"column":33}},"9":{"start":{"line":44,"column":20},"end":{"line":44,"column":75}},"10":{"start":{"line":46,"column":14},"end":{"line":46,"column":17}},"11":{"start":{"line":47,"column":18},"end":{"line":47,"column":23}},"12":{"start":{"line":49,"column":2},"end":{"line":63,"column":5}},"13":{"start":{"line":50,"column":4},"end":{"line":53,"column":5}},"14":{"start":{"line":51,"column":6},"end":{"line":51,"column":23}},"15":{"start":{"line":52,"column":6},"end":{"line":52,"column":13}},"16":{"start":{"line":55,"column":20},"end":{"line":55,"column":21}},"17":{"start":{"line":56,"column":4},"end":{"line":56,"column":64}},"18":{"start":{"line":56,"column":48},"end":{"line":56,"column":64}},"19":{"start":{"line":57,"column":4},"end":{"line":57,"column":65}},"20":{"start":{"line":57,"column":48},"end":{"line":57,"column":65}},"21":{"start":{"line":59,"column":4},"end":{"line":62,"column":5}},"22":{"start":{"line":60,"column":6},"end":{"line":60,"column":50}},"23":{"start":{"line":61,"column":6},"end":{"line":61,"column":24}},"24":{"start":{"line":65,"column":2},"end":{"line":65,"column":41}},"25":{"start":{"line":65,"column":27},"end":{"line":65,"column":41}},"26":{"start":{"line":66,"column":2},"end":{"line":66,"column":41}},"27":{"start":{"line":66,"column":27},"end":{"line":66,"column":41}},"28":{"start":{"line":67,"column":2},"end":{"line":67,"column":41}},"29":{"start":{"line":71,"column":15},"end":{"line":71,"column":31}},"30":{"start":{"line":72,"column":16},"end":{"line":72,"column":20}},"31":{"start":{"line":73,"column":21},"end":{"line":73,"column":90}},"32":{"start":{"line":74,"column":2},"end":{"line":77,"column":5}},"33":{"start":{"line":75,"column":18},"end":{"line":75,"column":52}},"34":{"start":{"line":76,"column":4},"end":{"line":76,"column":56}},"35":{"start":{"line":79,"column":16},"end":{"line":81,"column":3}},"36":{"start":{"line":80,"column":4},"end":{"line":80,"column":62}},"37":{"start":{"line":82,"column":2},"end":{"line":84,"column":3}},"38":{"start":{"line":83,"column":4},"end":{"line":83,"column":115}},"39":{"start":{"line":86,"column":15},"end":{"line":90,"column":4}},"40":{"start":{"line":91,"column":23},"end":{"line":91,"column":43}},"41":{"start":{"line":92,"column":20},"end":{"line":92,"column":35}},"42":{"start":{"line":93,"column":21},"end":{"line":93,"column":58}},"43":{"start":{"line":95,"column":2},"end":{"line":100,"column":4}},"44":{"start":{"line":104,"column":2},"end":{"line":104,"column":52}},"45":{"start":{"line":104,"column":13},"end":{"line":104,"column":52}},"46":{"start":{"line":106,"column":25},"end":{"line":106,"column":71}},"47":{"start":{"line":107,"column":2},"end":{"line":107,"column":62}},"48":{"start":{"line":107,"column":23},"end":{"line":107,"column":62}},"49":{"start":{"line":109,"column":17},"end":{"line":109,"column":37}},"50":{"start":{"line":110,"column":14},"end":{"line":110,"column":69}},"51":{"start":{"line":111,"column":15},"end":{"line":111,"column":40}},"52":{"start":{"line":113,"column":23},"end":{"line":113,"column":24}},"53":{"start":{"line":114,"column":21},"end":{"line":114,"column":33}},"54":{"start":{"line":115,"column":15},"end":{"line":115,"column":34}},"55":{"start":{"line":117,"column":2},"end":{"line":123,"column":5}},"56":{"start":{"line":118,"column":4},"end":{"line":122,"column":5}},"57":{"start":{"line":118,"column":31},"end":{"line":118,"column":43}},"58":{"start":{"line":119,"column":6},"end":{"line":119,"column":27}},"59":{"start":{"line":120,"column":6},"end":{"line":120,"column":30}},"60":{"start":{"line":121,"column":6},"end":{"line":121,"column":27}},"61":{"start":{"line":125,"column":26},"end":{"line":125,"column":99}},"62":{"start":{"line":126,"column":21},"end":{"line":126,"column":43}},"63":{"start":{"line":127,"column":19},"end":{"line":127,"column":56}},"64":{"start":{"line":129,"column":2},"end":{"line":134,"column":4}},"65":{"start":{"line":138,"column":14},"end":{"line":138,"column":35}},"66":{"start":{"line":139,"column":21},"end":{"line":139,"column":53}},"67":{"start":{"line":139,"column":46},"end":{"line":139,"column":52}},"68":{"start":{"line":141,"column":2},"end":{"line":151,"column":3}},"69":{"start":{"line":142,"column":4},"end":{"line":150,"column":5}},"70":{"start":{"line":142,"column":34},"end":{"line":142,"column":49}},"71":{"start":{"line":143,"column":23},"end":{"line":143,"column":67}},"72":{"start":{"line":144,"column":6},"end":{"line":149,"column":8}},"73":{"start":{"line":153,"column":17},"end":{"line":153,"column":34}},"74":{"start":{"line":154,"column":14},"end":{"line":154,"column":59}},"75":{"start":{"line":156,"column":20},"end":{"line":156,"column":45}},"76":{"start":{"line":157,"column":29},"end":{"line":157,"column":52}},"77":{"start":{"line":159,"column":23},"end":{"line":159,"column":24}},"78":{"start":{"line":160,"column":21},"end":{"line":160,"column":33}},"79":{"start":{"line":161,"column":15},"end":{"line":161,"column":34}},"80":{"start":{"line":162,"column":23},"end":{"line":162,"column":28}},"81":{"start":{"line":164,"column":20},"end":{"line":164,"column":75}},"82":{"start":{"line":166,"column":2},"end":{"line":180,"column":5}},"83":{"start":{"line":167,"column":23},"end":{"line":167,"column":58}},"84":{"start":{"line":167,"column":46},"end":{"line":167,"column":57}},"85":{"start":{"line":168,"column":4},"end":{"line":179,"column":5}},"86":{"start":{"line":169,"column":25},"end":{"line":169,"column":64}},"87":{"start":{"line":170,"column":23},"end":{"line":170,"column":39}},"88":{"start":{"line":171,"column":32},"end":{"line":171,"column":73}},"89":{"start":{"line":171,"column":51},"end":{"line":171,"column":72}},"90":{"start":{"line":173,"column":6},"end":{"line":173,"column":50}},"91":{"start":{"line":173,"column":43},"end":{"line":173,"column":50}},"92":{"start":{"line":175,"column":6},"end":{"line":175,"column":27}},"93":{"start":{"line":176,"column":6},"end":{"line":176,"column":30}},"94":{"start":{"line":177,"column":6},"end":{"line":177,"column":27}},"95":{"start":{"line":178,"column":6},"end":{"line":178,"column":28}},"96":{"start":{"line":182,"column":35},"end":{"line":182,"column":70}},"97":{"start":{"line":183,"column":21},"end":{"line":183,"column":125}},"98":{"start":{"line":185,"column":21},"end":{"line":185,"column":75}},"99":{"start":{"line":186,"column":19},"end":{"line":186,"column":56}},"100":{"start":{"line":188,"column":2},"end":{"line":193,"column":4}},"101":{"start":{"line":196,"column":0},"end":{"line":200,"column":2}}},"fnMap":{"0":{"name":"normalize","decl":{"start":{"line":36,"column":9},"end":{"line":36,"column":18}},"loc":{"start":{"line":36,"column":25},"end":{"line":39,"column":1}},"line":36},"1":{"name":"analyzeSentiment","decl":{"start":{"line":41,"column":9},"end":{"line":41,"column":25}},"loc":{"start":{"line":41,"column":32},"end":{"line":68,"column":1}},"line":41},"2":{"name":"(anonymous_2)","decl":{"start":{"line":49,"column":16},"end":{"line":49,"column":17}},"loc":{"start":{"line":49,"column":26},"end":{"line":63,"column":3}},"line":49},"3":{"name":"runPipeline","decl":{"start":{"line":70,"column":9},"end":{"line":70,"column":20}},"loc":{"start":{"line":70,"column":72},"end":{"line":101,"column":1}},"line":70},"4":{"name":"(anonymous_4)","decl":{"start":{"line":74,"column":34},"end":{"line":74,"column":35}},"loc":{"start":{"line":74,"column":43},"end":{"line":77,"column":3}},"line":74},"5":{"name":"(anonymous_5)","decl":{"start":{"line":79,"column":44},"end":{"line":79,"column":45}},"loc":{"start":{"line":80,"column":4},"end":{"line":80,"column":62}},"line":80},"6":{"name":"classifyMessage","decl":{"start":{"line":103,"column":9},"end":{"line":103,"column":24}},"loc":{"start":{"line":103,"column":31},"end":{"line":135,"column":1}},"line":103},"7":{"name":"(anonymous_7)","decl":{"start":{"line":117,"column":29},"end":{"line":117,"column":30}},"loc":{"start":{"line":117,"column":36},"end":{"line":123,"column":3}},"line":117},"8":{"name":"(anonymous_8)","decl":{"start":{"line":118,"column":26},"end":{"line":118,"column":27}},"loc":{"start":{"line":118,"column":31},"end":{"line":118,"column":43}},"line":118},"9":{"name":"classifyMood","decl":{"start":{"line":137,"column":9},"end":{"line":137,"column":21}},"loc":{"start":{"line":137,"column":31},"end":{"line":194,"column":1}},"line":137},"10":{"name":"(anonymous_10)","decl":{"start":{"line":139,"column":41},"end":{"line":139,"column":42}},"loc":{"start":{"line":139,"column":46},"end":{"line":139,"column":52}},"line":139},"11":{"name":"(anonymous_11)","decl":{"start":{"line":142,"column":29},"end":{"line":142,"column":30}},"loc":{"start":{"line":142,"column":34},"end":{"line":142,"column":49}},"line":142},"12":{"name":"(anonymous_12)","decl":{"start":{"line":166,"column":26},"end":{"line":166,"column":27}},"loc":{"start":{"line":166,"column":33},"end":{"line":180,"column":3}},"line":166},"13":{"name":"(anonymous_13)","decl":{"start":{"line":167,"column":41},"end":{"line":167,"column":42}},"loc":{"start":{"line":167,"column":46},"end":{"line":167,"column":57}},"line":167},"14":{"name":"(anonymous_14)","decl":{"start":{"line":171,"column":46},"end":{"line":171,"column":47}},"loc":{"start":{"line":171,"column":51},"end":{"line":171,"column":72}},"line":171}},"branchMap":{"0":{"loc":{"start":{"line":50,"column":4},"end":{"line":53,"column":5}},"type":"if","locations":[{"start":{"line":50,"column":4},"end":{"line":53,"column":5}},{"start":{},"end":{}}],"line":50},"1":{"loc":{"start":{"line":56,"column":4},"end":{"line":56,"column":64}},"type":"if","locations":[{"start":{"line":56,"column":4},"end":{"line":56,"column":64}},{"start":{},"end":{}}],"line":56},"2":{"loc":{"start":{"line":57,"column":4},"end":{"line":57,"column":65}},"type":"if","locations":[{"start":{"line":57,"column":4},"end":{"line":57,"column":65}},{"start":{},"end":{}}],"line":57},"3":{"loc":{"start":{"line":59,"column":4},"end":{"line":62,"column":5}},"type":"if","locations":[{"start":{"line":59,"column":4},"end":{"line":62,"column":5}},{"start":{},"end":{}}],"line":59},"4":{"loc":{"start":{"line":60,"column":15},"end":{"line":60,"column":49}},"type":"cond-expr","locations":[{"start":{"line":60,"column":27},"end":{"line":60,"column":37}},{"start":{"line":60,"column":40},"end":{"line":60,"column":49}}],"line":60},"5":{"loc":{"start":{"line":65,"column":2},"end":{"line":65,"column":41}},"type":"if","locations":[{"start":{"line":65,"column":2},"end":{"line":65,"column":41}},{"start":{},"end":{}}],"line":65},"6":{"loc":{"start":{"line":66,"column":2},"end":{"line":66,"column":41}},"type":"if","locations":[{"start":{"line":66,"column":2},"end":{"line":66,"column":41}},{"start":{},"end":{}}],"line":66},"7":{"loc":{"start":{"line":70,"column":55},"end":{"line":70,"column":70}},"type":"default-arg","locations":[{"start":{"line":70,"column":67},"end":{"line":70,"column":70}}],"line":70},"8":{"loc":{"start":{"line":80,"column":4},"end":{"line":80,"column":62}},"type":"binary-expr","locations":[{"start":{"line":80,"column":4},"end":{"line":80,"column":28}},{"start":{"line":80,"column":32},"end":{"line":80,"column":62}}],"line":80},"9":{"loc":{"start":{"line":82,"column":2},"end":{"line":84,"column":3}},"type":"if","locations":[{"start":{"line":82,"column":2},"end":{"line":84,"column":3}},{"start":{},"end":{}}],"line":82},"10":{"loc":{"start":{"line":93,"column":21},"end":{"line":93,"column":58}},"type":"cond-expr","locations":[{"start":{"line":93,"column":34},"end":{"line":93,"column":53}},{"start":{"line":93,"column":57},"end":{"line":93,"column":58}}],"line":93},"11":{"loc":{"start":{"line":96,"column":14},"end":{"line":96,"column":62}},"type":"cond-expr","locations":[{"start":{"line":96,"column":26},"end":{"line":96,"column":45}},{"start":{"line":96,"column":48},"end":{"line":96,"column":62}}],"line":96},"12":{"loc":{"start":{"line":97,"column":14},"end":{"line":97,"column":100}},"type":"cond-expr","locations":[{"start":{"line":97,"column":34},"end":{"line":97,"column":82}},{"start":{"line":97,"column":86},"end":{"line":97,"column":100}}],"line":97},"13":{"loc":{"start":{"line":97,"column":34},"end":{"line":97,"column":82}},"type":"cond-expr","locations":[{"start":{"line":97,"column":46},"end":{"line":97,"column":65}},{"start":{"line":97,"column":68},"end":{"line":97,"column":82}}],"line":97},"14":{"loc":{"start":{"line":99,"column":37},"end":{"line":99,"column":68}},"type":"cond-expr","locations":[{"start":{"line":99,"column":49},"end":{"line":99,"column":63}},{"start":{"line":99,"column":66},"end":{"line":99,"column":68}}],"line":99},"15":{"loc":{"start":{"line":104,"column":2},"end":{"line":104,"column":52}},"type":"if","locations":[{"start":{"line":104,"column":2},"end":{"line":104,"column":52}},{"start":{},"end":{}}],"line":104},"16":{"loc":{"start":{"line":107,"column":2},"end":{"line":107,"column":62}},"type":"if","locations":[{"start":{"line":107,"column":2},"end":{"line":107,"column":62}},{"start":{},"end":{}}],"line":107},"17":{"loc":{"start":{"line":118,"column":4},"end":{"line":122,"column":5}},"type":"if","locations":[{"start":{"line":118,"column":4},"end":{"line":122,"column":5}},{"start":{},"end":{}}],"line":118},"18":{"loc":{"start":{"line":127,"column":19},"end":{"line":127,"column":56}},"type":"cond-expr","locations":[{"start":{"line":127,"column":32},"end":{"line":127,"column":44}},{"start":{"line":127,"column":47},"end":{"line":127,"column":56}}],"line":127},"19":{"loc":{"start":{"line":131,"column":14},"end":{"line":131,"column":98}},"type":"cond-expr","locations":[{"start":{"line":131,"column":28},"end":{"line":131,"column":85}},{"start":{"line":131,"column":89},"end":{"line":131,"column":98}}],"line":131},"20":{"loc":{"start":{"line":131,"column":28},"end":{"line":131,"column":85}},"type":"cond-expr","locations":[{"start":{"line":131,"column":62},"end":{"line":131,"column":74}},{"start":{"line":131,"column":77},"end":{"line":131,"column":85}}],"line":131},"21":{"loc":{"start":{"line":132,"column":16},"end":{"line":132,"column":38}},"type":"binary-expr","locations":[{"start":{"line":132,"column":16},"end":{"line":132,"column":31}},{"start":{"line":132,"column":35},"end":{"line":132,"column":38}}],"line":132},"22":{"loc":{"start":{"line":133,"column":41},"end":{"line":133,"column":73}},"type":"cond-expr","locations":[{"start":{"line":133,"column":54},"end":{"line":133,"column":60}},{"start":{"line":133,"column":63},"end":{"line":133,"column":73}}],"line":133},"23":{"loc":{"start":{"line":142,"column":4},"end":{"line":150,"column":5}},"type":"if","locations":[{"start":{"line":142,"column":4},"end":{"line":150,"column":5}},{"start":{},"end":{}}],"line":142},"24":{"loc":{"start":{"line":143,"column":23},"end":{"line":143,"column":67}},"type":"cond-expr","locations":[{"start":{"line":143,"column":51},"end":{"line":143,"column":55}},{"start":{"line":143,"column":58},"end":{"line":143,"column":67}}],"line":143},"25":{"loc":{"start":{"line":168,"column":4},"end":{"line":179,"column":5}},"type":"if","locations":[{"start":{"line":168,"column":4},"end":{"line":179,"column":5}},{"start":{},"end":{}}],"line":168},"26":{"loc":{"start":{"line":173,"column":6},"end":{"line":173,"column":50}},"type":"if","locations":[{"start":{"line":173,"column":6},"end":{"line":173,"column":50}},{"start":{},"end":{}}],"line":173},"27":{"loc":{"start":{"line":173,"column":10},"end":{"line":173,"column":41}},"type":"binary-expr","locations":[{"start":{"line":173,"column":10},"end":{"line":173,"column":27}},{"start":{"line":173,"column":31},"end":{"line":173,"column":41}}],"line":173},"28":{"loc":{"start":{"line":182,"column":35},"end":{"line":182,"column":70}},"type":"cond-expr","locations":[{"start":{"line":182,"column":52},"end":{"line":182,"column":53}},{"start":{"line":182,"column":56},"end":{"line":182,"column":70}}],"line":182},"29":{"loc":{"start":{"line":185,"column":21},"end":{"line":185,"column":75}},"type":"binary-expr","locations":[{"start":{"line":185,"column":21},"end":{"line":185,"column":38}},{"start":{"line":185,"column":42},"end":{"line":185,"column":75}}],"line":185},"30":{"loc":{"start":{"line":186,"column":19},"end":{"line":186,"column":56}},"type":"cond-expr","locations":[{"start":{"line":186,"column":32},"end":{"line":186,"column":44}},{"start":{"line":186,"column":47},"end":{"line":186,"column":56}}],"line":186},"31":{"loc":{"start":{"line":190,"column":14},"end":{"line":190,"column":98}},"type":"cond-expr","locations":[{"start":{"line":190,"column":28},"end":{"line":190,"column":85}},{"start":{"line":190,"column":89},"end":{"line":190,"column":98}}],"line":190},"32":{"loc":{"start":{"line":190,"column":28},"end":{"line":190,"column":85}},"type":"cond-expr","locations":[{"start":{"line":190,"column":62},"end":{"line":190,"column":74}},{"start":{"line":190,"column":77},"end":{"line":190,"column":85}}],"line":190},"33":{"loc":{"start":{"line":191,"column":16},"end":{"line":191,"column":33}},"type":"binary-expr","locations":[{"start":{"line":191,"column":16},"end":{"line":191,"column":26}},{"start":{"line":191,"column":30},"end":{"line":191,"column":33}}],"line":191},"34":{"loc":{"start":{"line":192,"column":41},"end":{"line":192,"column":73}},"type":"cond-expr","locations":[{"start":{"line":192,"column":54},"end":{"line":192,"column":60}},{"start":{"line":192,"column":63},"end":{"line":192,"column":73}}],"line":192}},"s":{"0":3,"1":3,"2":3,"3":3,"4":3,"5":3,"6":80,"7":7,"8":7,"9":7,"10":7,"11":7,"12":7,"13":32,"14":2,"15":2,"16":30,"17":30,"18":2,"19":30,"20":0,"21":30,"22":2,"23":2,"24":7,"25":0,"26":7,"27":0,"28":7,"29":40,"30":40,"31":40,"32":40,"33":198,"34":198,"35":40,"36":32,"37":40,"38":0,"39":40,"40":40,"41":40,"42":40,"43":40,"44":33,"45":0,"46":33,"47":33,"48":0,"49":33,"50":33,"51":33,"52":33,"53":33,"54":33,"55":33,"56":165,"57":132,"58":11,"59":11,"60":11,"61":33,"62":33,"63":33,"64":33,"65":9,"66":9,"67":63,"68":9,"69":48,"70":466,"71":2,"72":2,"73":7,"74":7,"75":7,"76":7,"77":7,"78":7,"79":7,"80":7,"81":7,"82":7,"83":49,"84":61,"85":49,"86":9,"87":9,"88":9,"89":36,"90":9,"91":2,"92":7,"93":7,"94":7,"95":7,"96":7,"97":7,"98":7,"99":7,"100":7,"101":3},"f":{"0":80,"1":7,"2":32,"3":40,"4":198,"5":32,"6":33,"7":165,"8":132,"9":9,"10":63,"11":466,"12":49,"13":61,"14":36},"b":{"0":[2,30],"1":[2,28],"2":[0,30],"3":[2,28],"4":[1,1],"5":[0,7],"6":[0,7],"7":[40],"8":[32,32],"9":[0,40],"10":[1,39],"11":[1,39],"12":[1,39],"13":[1,0],"14":[1,39],"15":[0,33],"16":[0,33],"17":[11,154],"18":[11,22],"19":[11,22],"20":[1,10],"21":[33,22],"22":[11,22],"23":[2,46],"24":[2,0],"25":[9,40],"26":[2,7],"27":[9,3],"28":[6,1],"29":[7,6],"30":[6,1],"31":[6,1],"32":[0,6],"33":[7,1],"34":[6,1]},"_coverageSchema":"1a1c01bbd47fc00a2c39e90264f33305004495a9","hash":"85c1d661d4784be3f6656e0b342279738271f9d6"}
,"/Users/bruchave/Documents/_projetos/logloop/src/config.js": {"path":"/Users/bruchave/Documents/_projetos/logloop/src/config.js","statementMap":{"0":{"start":{"line":1,"column":11},"end":{"line":1,"column":24}},"1":{"start":{"line":2,"column":13},"end":{"line":2,"column":28}},"2":{"start":{"line":3,"column":11},"end":{"line":3,"column":24}},"3":{"start":{"line":5,"column":19},"end":{"line":5,"column":54}},"4":{"start":{"line":6,"column":17},"end":{"line":12,"column":1}},"5":{"start":{"line":14,"column":19},"end":{"line":14,"column":23}},"6":{"start":{"line":17,"column":2},"end":{"line":24,"column":3}},"7":{"start":{"line":18,"column":4},"end":{"line":23,"column":5}},"8":{"start":{"line":19,"column":6},"end":{"line":19,"column":45}},"9":{"start":{"line":21,"column":6},"end":{"line":21,"column":86}},"10":{"start":{"line":22,"column":6},"end":{"line":22,"column":19}},"11":{"start":{"line":25,"column":2},"end":{"line":25,"column":14}},"12":{"start":{"line":29,"column":2},"end":{"line":45,"column":16}},"13":{"start":{"line":30,"column":23},"end":{"line":30,"column":36}},"14":{"start":{"line":31,"column":18},"end":{"line":31,"column":44}},"15":{"start":{"line":32,"column":16},"end":{"line":32,"column":26}},"16":{"start":{"line":34,"column":4},"end":{"line":44,"column":7}},"17":{"start":{"line":35,"column":6},"end":{"line":43,"column":7}},"18":{"start":{"line":36,"column":25},"end":{"line":36,"column":52}},"19":{"start":{"line":37,"column":8},"end":{"line":42,"column":22}},"20":{"start":{"line":38,"column":24},"end":{"line":38,"column":45}},"21":{"start":{"line":39,"column":10},"end":{"line":41,"column":11}},"22":{"start":{"line":40,"column":12},"end":{"line":40,"column":36}},"23":{"start":{"line":48,"column":0},"end":{"line":48,"column":22}},"24":{"start":{"line":49,"column":0},"end":{"line":49,"column":41}},"25":{"start":{"line":50,"column":0},"end":{"line":50,"column":19}},"26":{"start":{"line":53,"column":2},"end":{"line":53,"column":57}},"27":{"start":{"line":53,"column":37},"end":{"line":53,"column":57}},"28":{"start":{"line":55,"column":15},"end":{"line":55,"column":30}},"29":{"start":{"line":56,"column":21},"end":{"line":56,"column":56}},"30":{"start":{"line":57,"column":20},"end":{"line":57,"column":58}},"31":{"start":{"line":59,"column":2},"end":{"line":64,"column":3}},"32":{"start":{"line":60,"column":4},"end":{"line":63,"column":18}},"33":{"start":{"line":61,"column":25},"end":{"line":61,"column":72}},"34":{"start":{"line":62,"column":6},"end":{"line":62,"column":44}},"35":{"start":{"line":66,"column":2},"end":{"line":71,"column":3}},"36":{"start":{"line":67,"column":4},"end":{"line":70,"column":18}},"37":{"start":{"line":68,"column":24},"end":{"line":68,"column":70}},"38":{"start":{"line":69,"column":6},"end":{"line":69,"column":43}},"39":{"start":{"line":73,"column":2},"end":{"line":73,"column":24}},"40":{"start":{"line":74,"column":2},"end":{"line":74,"column":16}},"41":{"start":{"line":78,"column":21},"end":{"line":78,"column":56}},"42":{"start":{"line":79,"column":2},"end":{"line":79,"column":64}},"43":{"start":{"line":80,"column":2},"end":{"line":80,"column":24}},"44":{"start":{"line":83,"column":0},"end":{"line":83,"column":66}}},"fnMap":{"0":{"name":"ensureDir","decl":{"start":{"line":16,"column":9},"end":{"line":16,"column":18}},"loc":{"start":{"line":16,"column":24},"end":{"line":26,"column":1}},"line":16},"1":{"name":"defensiveCleanup","decl":{"start":{"line":28,"column":9},"end":{"line":28,"column":25}},"loc":{"start":{"line":28,"column":28},"end":{"line":46,"column":1}},"line":28},"2":{"name":"(anonymous_2)","decl":{"start":{"line":34,"column":18},"end":{"line":34,"column":19}},"loc":{"start":{"line":34,"column":26},"end":{"line":44,"column":5}},"line":34},"3":{"name":"loadConfig","decl":{"start":{"line":52,"column":9},"end":{"line":52,"column":19}},"loc":{"start":{"line":52,"column":42},"end":{"line":75,"column":1}},"line":52},"4":{"name":"saveConfig","decl":{"start":{"line":77,"column":9},"end":{"line":77,"column":19}},"loc":{"start":{"line":77,"column":28},"end":{"line":81,"column":1}},"line":77}},"branchMap":{"0":{"loc":{"start":{"line":17,"column":2},"end":{"line":24,"column":3}},"type":"if","locations":[{"start":{"line":17,"column":2},"end":{"line":24,"column":3}},{"start":{},"end":{}}],"line":17},"1":{"loc":{"start":{"line":35,"column":6},"end":{"line":43,"column":7}},"type":"if","locations":[{"start":{"line":35,"column":6},"end":{"line":43,"column":7}},{"start":{},"end":{}}],"line":35},"2":{"loc":{"start":{"line":35,"column":10},"end":{"line":35,"column":87}},"type":"binary-expr","locations":[{"start":{"line":35,"column":11},"end":{"line":35,"column":33}},{"start":{"line":35,"column":37},"end":{"line":35,"column":58}},{"start":{"line":35,"column":63},"end":{"line":35,"column":87}}],"line":35},"3":{"loc":{"start":{"line":39,"column":10},"end":{"line":41,"column":11}},"type":"if","locations":[{"start":{"line":39,"column":10},"end":{"line":41,"column":11}},{"start":{},"end":{}}],"line":39},"4":{"loc":{"start":{"line":52,"column":20},"end":{"line":52,"column":40}},"type":"default-arg","locations":[{"start":{"line":52,"column":35},"end":{"line":52,"column":40}}],"line":52},"5":{"loc":{"start":{"line":53,"column":2},"end":{"line":53,"column":57}},"type":"if","locations":[{"start":{"line":53,"column":2},"end":{"line":53,"column":57}},{"start":{},"end":{}}],"line":53},"6":{"loc":{"start":{"line":53,"column":6},"end":{"line":53,"column":35}},"type":"binary-expr","locations":[{"start":{"line":53,"column":6},"end":{"line":53,"column":18}},{"start":{"line":53,"column":22},"end":{"line":53,"column":35}}],"line":53},"7":{"loc":{"start":{"line":59,"column":2},"end":{"line":64,"column":3}},"type":"if","locations":[{"start":{"line":59,"column":2},"end":{"line":64,"column":3}},{"start":{},"end":{}}],"line":59},"8":{"loc":{"start":{"line":66,"column":2},"end":{"line":71,"column":3}},"type":"if","locations":[{"start":{"line":66,"column":2},"end":{"line":71,"column":3}},{"start":{},"end":{}}],"line":66}},"s":{"0":6,"1":6,"2":6,"3":6,"4":6,"5":6,"6":12,"7":6,"8":6,"9":2,"10":2,"11":10,"12":6,"13":6,"14":6,"15":6,"16":6,"17":56,"18":1,"19":1,"20":1,"21":1,"22":0,"23":6,"24":6,"25":6,"26":6,"27":2,"28":4,"29":4,"30":4,"31":4,"32":2,"33":2,"34":2,"35":4,"36":3,"37":3,"38":3,"39":4,"40":4,"41":0,"42":0,"43":0,"44":6},"f":{"0":12,"1":6,"2":56,"3":6,"4":0},"b":{"0":[6,6],"1":[1,55],"2":[56,55,1],"3":[0,1],"4":[3],"5":[2,4],"6":[6,4],"7":[2,2],"8":[3,1]},"_coverageSchema":"1a1c01bbd47fc00a2c39e90264f33305004495a9","hash":"4c005695be6b0fae646da5ba9ccf2981065949ff"}
,"/Users/bruchave/Documents/_projetos/logloop/src/core.js": {"path":"/Users/bruchave/Documents/_projetos/logloop/src/core.js","statementMap":{"0":{"start":{"line":1,"column":11},"end":{"line":1,"column":24}},"1":{"start":{"line":2,"column":13},"end":{"line":2,"column":28}},"2":{"start":{"line":5,"column":21},"end":{"line":5,"column":30}},"3":{"start":{"line":8,"column":20},"end":{"line":8,"column":53}},"4":{"start":{"line":9,"column":17},"end":{"line":9,"column":59}},"5":{"start":{"line":10,"column":2},"end":{"line":10,"column":33}},"6":{"start":{"line":14,"column":15},"end":{"line":14,"column":42}},"7":{"start":{"line":15,"column":19},"end":{"line":15,"column":58}},"8":{"start":{"line":18,"column":2},"end":{"line":24,"column":3}},"9":{"start":{"line":19,"column":15},"end":{"line":19,"column":28}},"10":{"start":{"line":20,"column":20},"end":{"line":20,"column":63}},"11":{"start":{"line":21,"column":4},"end":{"line":21,"column":83}},"12":{"start":{"line":23,"column":4},"end":{"line":23,"column":100}},"13":{"start":{"line":27,"column":2},"end":{"line":34,"column":3}},"14":{"start":{"line":28,"column":4},"end":{"line":28,"column":64}},"15":{"start":{"line":28,"column":32},"end":{"line":28,"column":64}},"16":{"start":{"line":30,"column":16},"end":{"line":30,"column":54}},"17":{"start":{"line":31,"column":4},"end":{"line":31,"column":50}},"18":{"start":{"line":33,"column":4},"end":{"line":33,"column":33}},"19":{"start":{"line":42,"column":26},"end":{"line":50,"column":6}},"20":{"start":{"line":43,"column":4},"end":{"line":49,"column":5}},"21":{"start":{"line":44,"column":6},"end":{"line":44,"column":66}},"22":{"start":{"line":44,"column":34},"end":{"line":44,"column":66}},"23":{"start":{"line":45,"column":18},"end":{"line":45,"column":56}},"24":{"start":{"line":46,"column":6},"end":{"line":46,"column":52}},"25":{"start":{"line":48,"column":6},"end":{"line":48,"column":35}},"26":{"start":{"line":52,"column":19},"end":{"line":52,"column":44}},"27":{"start":{"line":54,"column":2},"end":{"line":56,"column":3}},"28":{"start":{"line":55,"column":4},"end":{"line":55,"column":20}},"29":{"start":{"line":58,"column":20},"end":{"line":58,"column":30}},"30":{"start":{"line":59,"column":18},"end":{"line":59,"column":22}},"31":{"start":{"line":60,"column":14},"end":{"line":60,"column":16}},"32":{"start":{"line":62,"column":17},"end":{"line":62,"column":22}},"33":{"start":{"line":63,"column":2},"end":{"line":77,"column":3}},"34":{"start":{"line":64,"column":4},"end":{"line":76,"column":5}},"35":{"start":{"line":65,"column":6},"end":{"line":65,"column":34}},"36":{"start":{"line":66,"column":6},"end":{"line":66,"column":33}},"37":{"start":{"line":67,"column":6},"end":{"line":67,"column":22}},"38":{"start":{"line":68,"column":6},"end":{"line":68,"column":12}},"39":{"start":{"line":70,"column":6},"end":{"line":72,"column":7}},"40":{"start":{"line":71,"column":8},"end":{"line":71,"column":40}},"41":{"start":{"line":73,"column":19},"end":{"line":73,"column":29}},"42":{"start":{"line":74,"column":6},"end":{"line":74,"column":42}},"43":{"start":{"line":75,"column":6},"end":{"line":75,"column":40}},"44":{"start":{"line":79,"column":2},"end":{"line":88,"column":3}},"45":{"start":{"line":80,"column":4},"end":{"line":80,"column":20}},"46":{"start":{"line":82,"column":4},"end":{"line":87,"column":5}},"47":{"start":{"line":83,"column":6},"end":{"line":85,"column":20}},"48":{"start":{"line":84,"column":8},"end":{"line":84,"column":61}},"49":{"start":{"line":84,"column":37},"end":{"line":84,"column":61}},"50":{"start":{"line":86,"column":6},"end":{"line":86,"column":36}},"51":{"start":{"line":95,"column":18},"end":{"line":95,"column":34}},"52":{"start":{"line":96,"column":2},"end":{"line":113,"column":3}},"53":{"start":{"line":97,"column":4},"end":{"line":106,"column":5}},"54":{"start":{"line":98,"column":6},"end":{"line":100,"column":7}},"55":{"start":{"line":99,"column":8},"end":{"line":99,"column":56}},"56":{"start":{"line":101,"column":6},"end":{"line":101,"column":50}},"57":{"start":{"line":104,"column":6},"end":{"line":104,"column":49}},"58":{"start":{"line":105,"column":6},"end":{"line":105,"column":38}},"59":{"start":{"line":107,"column":4},"end":{"line":107,"column":16}},"60":{"start":{"line":110,"column":4},"end":{"line":112,"column":5}},"61":{"start":{"line":111,"column":6},"end":{"line":111,"column":50}},"62":{"start":{"line":111,"column":12},"end":{"line":111,"column":35}},"63":{"start":{"line":117,"column":18},"end":{"line":117,"column":36}},"64":{"start":{"line":119,"column":2},"end":{"line":137,"column":5}},"65":{"start":{"line":121,"column":53},"end":{"line":121,"column":69}},"66":{"start":{"line":122,"column":32},"end":{"line":122,"column":55}},"67":{"start":{"line":124,"column":29},"end":{"line":124,"column":81}},"68":{"start":{"line":125,"column":25},"end":{"line":125,"column":46}},"69":{"start":{"line":126,"column":15},"end":{"line":126,"column":27}},"70":{"start":{"line":127,"column":17},"end":{"line":127,"column":39}},"71":{"start":{"line":129,"column":18},"end":{"line":129,"column":168}},"72":{"start":{"line":131,"column":20},"end":{"line":131,"column":55}},"73":{"start":{"line":133,"column":4},"end":{"line":135,"column":5}},"74":{"start":{"line":134,"column":6},"end":{"line":134,"column":31}},"75":{"start":{"line":136,"column":4},"end":{"line":136,"column":19}},"76":{"start":{"line":141,"column":18},"end":{"line":141,"column":36}},"77":{"start":{"line":142,"column":2},"end":{"line":142,"column":44}},"78":{"start":{"line":142,"column":31},"end":{"line":142,"column":44}},"79":{"start":{"line":144,"column":2},"end":{"line":168,"column":5}},"80":{"start":{"line":145,"column":18},"end":{"line":145,"column":50}},"81":{"start":{"line":146,"column":21},"end":{"line":146,"column":44}},"82":{"start":{"line":147,"column":4},"end":{"line":147,"column":42}},"83":{"start":{"line":147,"column":29},"end":{"line":147,"column":42}},"84":{"start":{"line":149,"column":22},"end":{"line":149,"column":51}},"85":{"start":{"line":150,"column":18},"end":{"line":150,"column":41}},"86":{"start":{"line":152,"column":4},"end":{"line":155,"column":5}},"87":{"start":{"line":153,"column":18},"end":{"line":153,"column":62}},"88":{"start":{"line":153,"column":39},"end":{"line":153,"column":61}},"89":{"start":{"line":154,"column":6},"end":{"line":154,"column":57}},"90":{"start":{"line":154,"column":20},"end":{"line":154,"column":57}},"91":{"start":{"line":157,"column":4},"end":{"line":164,"column":5}},"92":{"start":{"line":158,"column":18},"end":{"line":158,"column":62}},"93":{"start":{"line":158,"column":39},"end":{"line":158,"column":61}},"94":{"start":{"line":159,"column":6},"end":{"line":163,"column":7}},"95":{"start":{"line":159,"column":20},"end":{"line":159,"column":57}},"96":{"start":{"line":161,"column":25},"end":{"line":161,"column":76}},"97":{"start":{"line":161,"column":51},"end":{"line":161,"column":75}},"98":{"start":{"line":162,"column":8},"end":{"line":162,"column":59}},"99":{"start":{"line":166,"column":4},"end":{"line":166,"column":53}},"100":{"start":{"line":167,"column":4},"end":{"line":167,"column":64}},"101":{"start":{"line":172,"column":18},"end":{"line":172,"column":36}},"102":{"start":{"line":173,"column":2},"end":{"line":173,"column":41}},"103":{"start":{"line":173,"column":31},"end":{"line":173,"column":41}},"104":{"start":{"line":174,"column":18},"end":{"line":174,"column":50}},"105":{"start":{"line":175,"column":18},"end":{"line":175,"column":50}},"106":{"start":{"line":176,"column":2},"end":{"line":188,"column":5}},"107":{"start":{"line":177,"column":18},"end":{"line":177,"column":35}},"108":{"start":{"line":178,"column":22},"end":{"line":178,"column":47}},"109":{"start":{"line":179,"column":17},"end":{"line":179,"column":99}},"110":{"start":{"line":179,"column":34},"end":{"line":179,"column":56}},"111":{"start":{"line":180,"column":17},"end":{"line":180,"column":94}},"112":{"start":{"line":180,"column":34},"end":{"line":180,"column":56}},"113":{"start":{"line":181,"column":17},"end":{"line":181,"column":103}},"114":{"start":{"line":181,"column":55},"end":{"line":181,"column":79}},"115":{"start":{"line":182,"column":15},"end":{"line":182,"column":90}},"116":{"start":{"line":182,"column":32},"end":{"line":182,"column":52}},"117":{"start":{"line":183,"column":4},"end":{"line":187,"column":6}},"118":{"start":{"line":191,"column":0},"end":{"line":191,"column":81}}},"fnMap":{"0":{"name":"generateId","decl":{"start":{"line":7,"column":9},"end":{"line":7,"column":19}},"loc":{"start":{"line":7,"column":22},"end":{"line":11,"column":1}},"line":7},"1":{"name":"getLogFile","decl":{"start":{"line":13,"column":9},"end":{"line":13,"column":19}},"loc":{"start":{"line":13,"column":28},"end":{"line":35,"column":1}},"line":13},"2":{"name":"withLock","decl":{"start":{"line":40,"column":9},"end":{"line":40,"column":17}},"loc":{"start":{"line":40,"column":35},"end":{"line":89,"column":1}},"line":40},"3":{"name":"(anonymous_3)","decl":{"start":{"line":42,"column":27},"end":{"line":42,"column":28}},"loc":{"start":{"line":42,"column":33},"end":{"line":50,"column":3}},"line":42},"4":{"name":"safeWrite","decl":{"start":{"line":94,"column":9},"end":{"line":94,"column":18}},"loc":{"start":{"line":94,"column":54},"end":{"line":114,"column":1}},"line":94},"5":{"name":"saveLog","decl":{"start":{"line":116,"column":9},"end":{"line":116,"column":16}},"loc":{"start":{"line":116,"column":45},"end":{"line":138,"column":1}},"line":116},"6":{"name":"(anonymous_6)","decl":{"start":{"line":119,"column":27},"end":{"line":119,"column":28}},"loc":{"start":{"line":119,"column":33},"end":{"line":137,"column":3}},"line":119},"7":{"name":"updateLastLog","decl":{"start":{"line":140,"column":9},"end":{"line":140,"column":22}},"loc":{"start":{"line":140,"column":40},"end":{"line":169,"column":1}},"line":140},"8":{"name":"(anonymous_8)","decl":{"start":{"line":144,"column":27},"end":{"line":144,"column":28}},"loc":{"start":{"line":144,"column":33},"end":{"line":168,"column":3}},"line":144},"9":{"name":"(anonymous_9)","decl":{"start":{"line":153,"column":34},"end":{"line":153,"column":35}},"loc":{"start":{"line":153,"column":39},"end":{"line":153,"column":61}},"line":153},"10":{"name":"(anonymous_10)","decl":{"start":{"line":158,"column":34},"end":{"line":158,"column":35}},"loc":{"start":{"line":158,"column":39},"end":{"line":158,"column":61}},"line":158},"11":{"name":"(anonymous_11)","decl":{"start":{"line":161,"column":41},"end":{"line":161,"column":42}},"loc":{"start":{"line":161,"column":51},"end":{"line":161,"column":75}},"line":161},"12":{"name":"getRecentLogs","decl":{"start":{"line":171,"column":9},"end":{"line":171,"column":22}},"loc":{"start":{"line":171,"column":42},"end":{"line":189,"column":1}},"line":171},"13":{"name":"(anonymous_13)","decl":{"start":{"line":176,"column":35},"end":{"line":176,"column":36}},"loc":{"start":{"line":176,"column":44},"end":{"line":188,"column":3}},"line":176},"14":{"name":"(anonymous_14)","decl":{"start":{"line":179,"column":29},"end":{"line":179,"column":30}},"loc":{"start":{"line":179,"column":34},"end":{"line":179,"column":56}},"line":179},"15":{"name":"(anonymous_15)","decl":{"start":{"line":180,"column":29},"end":{"line":180,"column":30}},"loc":{"start":{"line":180,"column":34},"end":{"line":180,"column":56}},"line":180},"16":{"name":"(anonymous_16)","decl":{"start":{"line":181,"column":45},"end":{"line":181,"column":46}},"loc":{"start":{"line":181,"column":55},"end":{"line":181,"column":79}},"line":181},"17":{"name":"(anonymous_17)","decl":{"start":{"line":182,"column":27},"end":{"line":182,"column":28}},"loc":{"start":{"line":182,"column":32},"end":{"line":182,"column":52}},"line":182}},"branchMap":{"0":{"loc":{"start":{"line":14,"column":15},"end":{"line":14,"column":42}},"type":"binary-expr","locations":[{"start":{"line":14,"column":15},"end":{"line":14,"column":30}},{"start":{"line":14,"column":34},"end":{"line":14,"column":42}}],"line":14},"1":{"loc":{"start":{"line":18,"column":2},"end":{"line":24,"column":3}},"type":"if","locations":[{"start":{"line":18,"column":2},"end":{"line":24,"column":3}},{"start":{"line":22,"column":9},"end":{"line":24,"column":3}}],"line":18},"2":{"loc":{"start":{"line":23,"column":39},"end":{"line":23,"column":98}},"type":"cond-expr","locations":[{"start":{"line":23,"column":59},"end":{"line":23,"column":71}},{"start":{"line":23,"column":74},"end":{"line":23,"column":98}}],"line":23},"3":{"loc":{"start":{"line":28,"column":4},"end":{"line":28,"column":64}},"type":"if","locations":[{"start":{"line":28,"column":4},"end":{"line":28,"column":64}},{"start":{},"end":{}}],"line":28},"4":{"loc":{"start":{"line":44,"column":6},"end":{"line":44,"column":66}},"type":"if","locations":[{"start":{"line":44,"column":6},"end":{"line":44,"column":66}},{"start":{},"end":{}}],"line":44},"5":{"loc":{"start":{"line":54,"column":2},"end":{"line":56,"column":3}},"type":"if","locations":[{"start":{"line":54,"column":2},"end":{"line":56,"column":3}},{"start":{},"end":{}}],"line":54},"6":{"loc":{"start":{"line":70,"column":6},"end":{"line":72,"column":7}},"type":"if","locations":[{"start":{"line":70,"column":6},"end":{"line":72,"column":7}},{"start":{},"end":{}}],"line":70},"7":{"loc":{"start":{"line":82,"column":4},"end":{"line":87,"column":5}},"type":"if","locations":[{"start":{"line":82,"column":4},"end":{"line":87,"column":5}},{"start":{},"end":{}}],"line":82},"8":{"loc":{"start":{"line":84,"column":8},"end":{"line":84,"column":61}},"type":"if","locations":[{"start":{"line":84,"column":8},"end":{"line":84,"column":61}},{"start":{},"end":{}}],"line":84},"9":{"loc":{"start":{"line":94,"column":37},"end":{"line":94,"column":52}},"type":"default-arg","locations":[{"start":{"line":94,"column":44},"end":{"line":94,"column":52}}],"line":94},"10":{"loc":{"start":{"line":97,"column":4},"end":{"line":106,"column":5}},"type":"if","locations":[{"start":{"line":97,"column":4},"end":{"line":106,"column":5}},{"start":{"line":102,"column":11},"end":{"line":106,"column":5}}],"line":97},"11":{"loc":{"start":{"line":98,"column":6},"end":{"line":100,"column":7}},"type":"if","locations":[{"start":{"line":98,"column":6},"end":{"line":100,"column":7}},{"start":{},"end":{}}],"line":98},"12":{"loc":{"start":{"line":110,"column":4},"end":{"line":112,"column":5}},"type":"if","locations":[{"start":{"line":110,"column":4},"end":{"line":112,"column":5}},{"start":{},"end":{}}],"line":110},"13":{"loc":{"start":{"line":116,"column":31},"end":{"line":116,"column":43}},"type":"default-arg","locations":[{"start":{"line":116,"column":41},"end":{"line":116,"column":43}}],"line":116},"14":{"loc":{"start":{"line":124,"column":29},"end":{"line":124,"column":81}},"type":"binary-expr","locations":[{"start":{"line":124,"column":29},"end":{"line":124,"column":45}},{"start":{"line":124,"column":49},"end":{"line":124,"column":81}}],"line":124},"15":{"loc":{"start":{"line":127,"column":17},"end":{"line":127,"column":39}},"type":"binary-expr","locations":[{"start":{"line":127,"column":17},"end":{"line":127,"column":29}},{"start":{"line":127,"column":33},"end":{"line":127,"column":39}}],"line":127},"16":{"loc":{"start":{"line":129,"column":76},"end":{"line":129,"column":90}},"type":"binary-expr","locations":[{"start":{"line":129,"column":76},"end":{"line":129,"column":80}},{"start":{"line":129,"column":84},"end":{"line":129,"column":90}}],"line":129},"17":{"loc":{"start":{"line":129,"column":103},"end":{"line":129,"column":119}},"type":"binary-expr","locations":[{"start":{"line":129,"column":103},"end":{"line":129,"column":109}},{"start":{"line":129,"column":113},"end":{"line":129,"column":119}}],"line":129},"18":{"loc":{"start":{"line":133,"column":4},"end":{"line":135,"column":5}},"type":"if","locations":[{"start":{"line":133,"column":4},"end":{"line":135,"column":5}},{"start":{},"end":{}}],"line":133},"19":{"loc":{"start":{"line":133,"column":8},"end":{"line":133,"column":84}},"type":"binary-expr","locations":[{"start":{"line":133,"column":8},"end":{"line":133,"column":15}},{"start":{"line":133,"column":19},"end":{"line":133,"column":39}},{"start":{"line":133,"column":43},"end":{"line":133,"column":54}},{"start":{"line":133,"column":58},"end":{"line":133,"column":84}}],"line":133},"20":{"loc":{"start":{"line":142,"column":2},"end":{"line":142,"column":44}},"type":"if","locations":[{"start":{"line":142,"column":2},"end":{"line":142,"column":44}},{"start":{},"end":{}}],"line":142},"21":{"loc":{"start":{"line":147,"column":4},"end":{"line":147,"column":42}},"type":"if","locations":[{"start":{"line":147,"column":4},"end":{"line":147,"column":42}},{"start":{},"end":{}}],"line":147},"22":{"loc":{"start":{"line":152,"column":4},"end":{"line":155,"column":5}},"type":"if","locations":[{"start":{"line":152,"column":4},"end":{"line":155,"column":5}},{"start":{},"end":{}}],"line":152},"23":{"loc":{"start":{"line":154,"column":6},"end":{"line":154,"column":57}},"type":"if","locations":[{"start":{"line":154,"column":6},"end":{"line":154,"column":57}},{"start":{},"end":{}}],"line":154},"24":{"loc":{"start":{"line":157,"column":4},"end":{"line":164,"column":5}},"type":"if","locations":[{"start":{"line":157,"column":4},"end":{"line":164,"column":5}},{"start":{},"end":{}}],"line":157},"25":{"loc":{"start":{"line":159,"column":6},"end":{"line":163,"column":7}},"type":"if","locations":[{"start":{"line":159,"column":6},"end":{"line":163,"column":7}},{"start":{"line":160,"column":11},"end":{"line":163,"column":7}}],"line":159},"26":{"loc":{"start":{"line":161,"column":51},"end":{"line":161,"column":75}},"type":"binary-expr","locations":[{"start":{"line":161,"column":51},"end":{"line":161,"column":56}},{"start":{"line":161,"column":60},"end":{"line":161,"column":75}}],"line":161},"27":{"loc":{"start":{"line":171,"column":31},"end":{"line":171,"column":40}},"type":"default-arg","locations":[{"start":{"line":171,"column":39},"end":{"line":171,"column":40}}],"line":171},"28":{"loc":{"start":{"line":173,"column":2},"end":{"line":173,"column":41}},"type":"if","locations":[{"start":{"line":173,"column":2},"end":{"line":173,"column":41}},{"start":{},"end":{}}],"line":173},"29":{"loc":{"start":{"line":179,"column":17},"end":{"line":179,"column":99}},"type":"binary-expr","locations":[{"start":{"line":179,"column":17},"end":{"line":179,"column":86}},{"start":{"line":179,"column":90},"end":{"line":179,"column":99}}],"line":179},"30":{"loc":{"start":{"line":179,"column":18},"end":{"line":179,"column":63}},"type":"binary-expr","locations":[{"start":{"line":179,"column":18},"end":{"line":179,"column":57}},{"start":{"line":179,"column":61},"end":{"line":179,"column":63}}],"line":179},"31":{"loc":{"start":{"line":180,"column":17},"end":{"line":180,"column":94}},"type":"binary-expr","locations":[{"start":{"line":180,"column":17},"end":{"line":180,"column":86}},{"start":{"line":180,"column":90},"end":{"line":180,"column":94}}],"line":180},"32":{"loc":{"start":{"line":180,"column":18},"end":{"line":180,"column":63}},"type":"binary-expr","locations":[{"start":{"line":180,"column":18},"end":{"line":180,"column":57}},{"start":{"line":180,"column":61},"end":{"line":180,"column":63}}],"line":180},"33":{"loc":{"start":{"line":181,"column":55},"end":{"line":181,"column":79}},"type":"binary-expr","locations":[{"start":{"line":181,"column":55},"end":{"line":181,"column":60}},{"start":{"line":181,"column":64},"end":{"line":181,"column":79}}],"line":181},"34":{"loc":{"start":{"line":182,"column":15},"end":{"line":182,"column":90}},"type":"binary-expr","locations":[{"start":{"line":182,"column":15},"end":{"line":182,"column":80}},{"start":{"line":182,"column":84},"end":{"line":182,"column":90}}],"line":182},"35":{"loc":{"start":{"line":182,"column":16},"end":{"line":182,"column":59}},"type":"binary-expr","locations":[{"start":{"line":182,"column":16},"end":{"line":182,"column":53}},{"start":{"line":182,"column":57},"end":{"line":182,"column":59}}],"line":182},"36":{"loc":{"start":{"line":186,"column":12},"end":{"line":186,"column":67}},"type":"cond-expr","locations":[{"start":{"line":186,"column":31},"end":{"line":186,"column":60}},{"start":{"line":186,"column":63},"end":{"line":186,"column":67}}],"line":186}},"s":{"0":3,"1":3,"2":3,"3":24,"4":24,"5":24,"6":27,"7":27,"8":27,"9":0,"10":0,"11":0,"12":27,"13":27,"14":27,"15":25,"16":2,"17":2,"18":0,"19":27,"20":27,"21":27,"22":25,"23":2,"24":2,"25":0,"26":27,"27":27,"28":2,"29":25,"30":25,"31":25,"32":25,"33":25,"34":25,"35":25,"36":25,"37":25,"38":25,"39":0,"40":0,"41":0,"42":0,"43":0,"44":25,"45":25,"46":25,"47":25,"48":25,"49":24,"50":25,"51":25,"52":25,"53":25,"54":24,"55":2,"56":24,"57":1,"58":1,"59":25,"60":25,"61":3,"62":3,"63":24,"64":24,"65":24,"66":24,"67":24,"68":24,"69":24,"70":24,"71":24,"72":24,"73":24,"74":0,"75":24,"76":1,"77":1,"78":0,"79":1,"80":1,"81":1,"82":1,"83":0,"84":1,"85":1,"86":1,"87":1,"88":3,"89":1,"90":1,"91":1,"92":0,"93":0,"94":0,"95":0,"96":0,"97":0,"98":0,"99":1,"100":1,"101":2,"102":2,"103":0,"104":2,"105":2,"106":2,"107":2,"108":2,"109":2,"110":6,"111":2,"112":10,"113":2,"114":8,"115":2,"116":4,"117":2,"118":3},"f":{"0":24,"1":27,"2":27,"3":27,"4":25,"5":24,"6":24,"7":1,"8":1,"9":3,"10":0,"11":0,"12":2,"13":2,"14":6,"15":10,"16":8,"17":4},"b":{"0":[27,0],"1":[0,27],"2":[27,0],"3":[25,2],"4":[25,2],"5":[2,25],"6":[0,0],"7":[25,0],"8":[24,1],"9":[0],"10":[24,1],"11":[2,22],"12":[3,22],"13":[24],"14":[24,21],"15":[24,24],"16":[24,0],"17":[24,0],"18":[0,24],"19":[24,24,0,0],"20":[0,1],"21":[0,1],"22":[1,0],"23":[1,0],"24":[0,1],"25":[0,0],"26":[0,0],"27":[0],"28":[0,2],"29":[2,0],"30":[2,0],"31":[2,2],"32":[2,2],"33":[8,6],"34":[2,0],"35":[2,0],"36":[0,2]},"_coverageSchema":"1a1c01bbd47fc00a2c39e90264f33305004495a9","hash":"9c13afd34a5dfd062c93306ae12bba6b31c90c9c"}
,"/Users/bruchave/Documents/_projetos/logloop/src/git.js": {"path":"/Users/bruchave/Documents/_projetos/logloop/src/git.js","statementMap":{"0":{"start":{"line":1,"column":21},"end":{"line":1,"column":45}},"1":{"start":{"line":4,"column":2},"end":{"line":9,"column":3}},"2":{"start":{"line":5,"column":4},"end":{"line":5,"column":71}},"3":{"start":{"line":6,"column":4},"end":{"line":6,"column":16}},"4":{"start":{"line":8,"column":4},"end":{"line":8,"column":17}},"5":{"start":{"line":13,"column":2},"end":{"line":13,"column":32}},"6":{"start":{"line":13,"column":20},"end":{"line":13,"column":32}},"7":{"start":{"line":14,"column":2},"end":{"line":20,"column":3}},"8":{"start":{"line":15,"column":19},"end":{"line":15,"column":93}},"9":{"start":{"line":16,"column":17},"end":{"line":16,"column":84}},"10":{"start":{"line":17,"column":4},"end":{"line":17,"column":50}},"11":{"start":{"line":19,"column":4},"end":{"line":19,"column":16}},"12":{"start":{"line":24,"column":2},"end":{"line":30,"column":3}},"13":{"start":{"line":25,"column":4},"end":{"line":25,"column":34}},"14":{"start":{"line":26,"column":4},"end":{"line":26,"column":73}},"15":{"start":{"line":27,"column":4},"end":{"line":27,"column":16}},"16":{"start":{"line":29,"column":4},"end":{"line":29,"column":17}},"17":{"start":{"line":34,"column":2},"end":{"line":34,"column":33}},"18":{"start":{"line":34,"column":20},"end":{"line":34,"column":33}},"19":{"start":{"line":35,"column":2},"end":{"line":40,"column":3}},"20":{"start":{"line":36,"column":19},"end":{"line":36,"column":90}},"21":{"start":{"line":37,"column":4},"end":{"line":37,"column":29}},"22":{"start":{"line":39,"column":4},"end":{"line":39,"column":17}},"23":{"start":{"line":44,"column":2},"end":{"line":48,"column":3}},"24":{"start":{"line":45,"column":4},"end":{"line":45,"column":81}},"25":{"start":{"line":47,"column":4},"end":{"line":47,"column":16}},"26":{"start":{"line":51,"column":0},"end":{"line":57,"column":2}}},"fnMap":{"0":{"name":"isGitRepo","decl":{"start":{"line":3,"column":9},"end":{"line":3,"column":18}},"loc":{"start":{"line":3,"column":21},"end":{"line":10,"column":1}},"line":3},"1":{"name":"getGitMetadata","decl":{"start":{"line":12,"column":9},"end":{"line":12,"column":23}},"loc":{"start":{"line":12,"column":26},"end":{"line":21,"column":1}},"line":12},"2":{"name":"commitLog","decl":{"start":{"line":23,"column":9},"end":{"line":23,"column":18}},"loc":{"start":{"line":23,"column":34},"end":{"line":31,"column":1}},"line":23},"3":{"name":"isDirty","decl":{"start":{"line":33,"column":9},"end":{"line":33,"column":16}},"loc":{"start":{"line":33,"column":19},"end":{"line":41,"column":1}},"line":33},"4":{"name":"getGitUser","decl":{"start":{"line":43,"column":9},"end":{"line":43,"column":19}},"loc":{"start":{"line":43,"column":22},"end":{"line":49,"column":1}},"line":43}},"branchMap":{"0":{"loc":{"start":{"line":13,"column":2},"end":{"line":13,"column":32}},"type":"if","locations":[{"start":{"line":13,"column":2},"end":{"line":13,"column":32}},{"start":{},"end":{}}],"line":13},"1":{"loc":{"start":{"line":17,"column":21},"end":{"line":17,"column":41}},"type":"binary-expr","locations":[{"start":{"line":17,"column":21},"end":{"line":17,"column":27}},{"start":{"line":17,"column":31},"end":{"line":17,"column":41}}],"line":17},"2":{"loc":{"start":{"line":34,"column":2},"end":{"line":34,"column":33}},"type":"if","locations":[{"start":{"line":34,"column":2},"end":{"line":34,"column":33}},{"start":{},"end":{}}],"line":34}},"s":{"0":1,"1":21,"2":21,"3":0,"4":21,"5":21,"6":21,"7":0,"8":0,"9":0,"10":0,"11":0,"12":0,"13":0,"14":0,"15":0,"16":0,"17":0,"18":0,"19":0,"20":0,"21":0,"22":0,"23":0,"24":0,"25":0,"26":1},"f":{"0":21,"1":21,"2":0,"3":0,"4":0},"b":{"0":[21,0],"1":[0,0],"2":[0,0]},"_coverageSchema":"1a1c01bbd47fc00a2c39e90264f33305004495a9","hash":"d01f2666fda89b5e8ca3da7e9be6b76d21661814"}
,"/Users/bruchave/Documents/_projetos/logloop/src/i18n.js": {"path":"/Users/bruchave/Documents/_projetos/logloop/src/i18n.js","statementMap":{"0":{"start":{"line":1,"column":23},"end":{"line":1,"column":42}},"1":{"start":{"line":3,"column":11},"end":{"line":3,"column":39}},"2":{"start":{"line":4,"column":11},"end":{"line":4,"column":39}},"3":{"start":{"line":6,"column":16},"end":{"line":6,"column":26}},"4":{"start":{"line":9,"column":17},"end":{"line":9,"column":29}},"5":{"start":{"line":10,"column":15},"end":{"line":10,"column":34}},"6":{"start":{"line":11,"column":18},"end":{"line":11,"column":48}},"7":{"start":{"line":13,"column":16},"end":{"line":13,"column":31}},"8":{"start":{"line":14,"column":14},"end":{"line":14,"column":21}},"9":{"start":{"line":15,"column":2},"end":{"line":18,"column":3}},"10":{"start":{"line":16,"column":4},"end":{"line":16,"column":47}},"11":{"start":{"line":16,"column":35},"end":{"line":16,"column":47}},"12":{"start":{"line":17,"column":4},"end":{"line":17,"column":24}},"13":{"start":{"line":19,"column":2},"end":{"line":19,"column":15}},"14":{"start":{"line":22,"column":0},"end":{"line":22,"column":23}}},"fnMap":{"0":{"name":"t","decl":{"start":{"line":8,"column":9},"end":{"line":8,"column":10}},"loc":{"start":{"line":8,"column":17},"end":{"line":20,"column":1}},"line":8}},"branchMap":{"0":{"loc":{"start":{"line":10,"column":15},"end":{"line":10,"column":34}},"type":"binary-expr","locations":[{"start":{"line":10,"column":15},"end":{"line":10,"column":26}},{"start":{"line":10,"column":30},"end":{"line":10,"column":34}}],"line":10},"1":{"loc":{"start":{"line":11,"column":18},"end":{"line":11,"column":48}},"type":"binary-expr","locations":[{"start":{"line":11,"column":18},"end":{"line":11,"column":31}},{"start":{"line":11,"column":35},"end":{"line":11,"column":48}}],"line":11},"2":{"loc":{"start":{"line":16,"column":4},"end":{"line":16,"column":47}},"type":"if","locations":[{"start":{"line":16,"column":4},"end":{"line":16,"column":47}},{"start":{},"end":{}}],"line":16}},"s":{"0":1,"1":1,"2":1,"3":1,"4":3,"5":3,"6":3,"7":3,"8":3,"9":3,"10":5,"11":1,"12":4,"13":2,"14":1},"f":{"0":3},"b":{"0":[3,0],"1":[3,0],"2":[1,4]},"_coverageSchema":"1a1c01bbd47fc00a2c39e90264f33305004495a9","hash":"0acf5dd1c0e191904dc5b19417dda3bbbae92a92"}
,"/Users/bruchave/Documents/_projetos/logloop/src/memory.js": {"path":"/Users/bruchave/Documents/_projetos/logloop/src/memory.js","statementMap":{"0":{"start":{"line":1,"column":11},"end":{"line":1,"column":24}},"1":{"start":{"line":2,"column":13},"end":{"line":2,"column":28}},"2":{"start":{"line":3,"column":23},"end":{"line":3,"column":42}},"3":{"start":{"line":5,"column":20},"end":{"line":5,"column":56}},"4":{"start":{"line":7,"column":23},"end":{"line":25,"column":1}},"5":{"start":{"line":28,"column":2},"end":{"line":30,"column":3}},"6":{"start":{"line":29,"column":4},"end":{"line":29,"column":26}},"7":{"start":{"line":31,"column":2},"end":{"line":40,"column":3}},"8":{"start":{"line":32,"column":17},"end":{"line":32,"column":65}},"9":{"start":{"line":34,"column":4},"end":{"line":37,"column":6}},"10":{"start":{"line":39,"column":4},"end":{"line":39,"column":26}},"11":{"start":{"line":44,"column":2},"end":{"line":46,"column":3}},"12":{"start":{"line":45,"column":4},"end":{"line":45,"column":50}},"13":{"start":{"line":47,"column":2},"end":{"line":47,"column":73}},"14":{"start":{"line":51,"column":17},"end":{"line":51,"column":29}},"15":{"start":{"line":52,"column":21},"end":{"line":52,"column":47}},"16":{"start":{"line":54,"column":2},"end":{"line":54,"column":78}},"17":{"start":{"line":54,"column":23},"end":{"line":54,"column":78}},"18":{"start":{"line":56,"column":24},"end":{"line":56,"column":91}},"19":{"start":{"line":56,"column":63},"end":{"line":56,"column":90}},"20":{"start":{"line":58,"column":2},"end":{"line":70,"column":3}},"21":{"start":{"line":59,"column":4},"end":{"line":59,"column":63}},"22":{"start":{"line":60,"column":4},"end":{"line":60,"column":63}},"23":{"start":{"line":61,"column":4},"end":{"line":61,"column":107}},"24":{"start":{"line":63,"column":4},"end":{"line":69,"column":7}},"25":{"start":{"line":72,"column":2},"end":{"line":72,"column":21}},"26":{"start":{"line":76,"column":17},"end":{"line":76,"column":29}},"27":{"start":{"line":77,"column":15},"end":{"line":77,"column":46}},"28":{"start":{"line":78,"column":2},"end":{"line":78,"column":43}},"29":{"start":{"line":79,"column":2},"end":{"line":79,"column":14}},"30":{"start":{"line":83,"column":2},"end":{"line":83,"column":47}},"31":{"start":{"line":83,"column":34},"end":{"line":83,"column":47}},"32":{"start":{"line":85,"column":18},"end":{"line":85,"column":30}},"33":{"start":{"line":86,"column":19},"end":{"line":86,"column":66}},"34":{"start":{"line":89,"column":2},"end":{"line":104,"column":5}},"35":{"start":{"line":90,"column":4},"end":{"line":97,"column":7}},"36":{"start":{"line":91,"column":23},"end":{"line":91,"column":83}},"37":{"start":{"line":91,"column":58},"end":{"line":91,"column":82}},"38":{"start":{"line":92,"column":6},"end":{"line":96,"column":7}},"39":{"start":{"line":93,"column":8},"end":{"line":93,"column":69}},"40":{"start":{"line":95,"column":8},"end":{"line":95,"column":46}},"41":{"start":{"line":100,"column":4},"end":{"line":103,"column":6}},"42":{"start":{"line":106,"column":21},"end":{"line":106,"column":57}},"43":{"start":{"line":107,"column":2},"end":{"line":107,"column":73}},"44":{"start":{"line":108,"column":2},"end":{"line":108,"column":14}},"45":{"start":{"line":111,"column":0},"end":{"line":117,"column":2}}},"fnMap":{"0":{"name":"loadMemory","decl":{"start":{"line":27,"column":9},"end":{"line":27,"column":19}},"loc":{"start":{"line":27,"column":22},"end":{"line":41,"column":1}},"line":27},"1":{"name":"saveMemory","decl":{"start":{"line":43,"column":9},"end":{"line":43,"column":19}},"loc":{"start":{"line":43,"column":28},"end":{"line":48,"column":1}},"line":43},"2":{"name":"learn","decl":{"start":{"line":50,"column":9},"end":{"line":50,"column":14}},"loc":{"start":{"line":50,"column":62},"end":{"line":73,"column":1}},"line":50},"3":{"name":"(anonymous_3)","decl":{"start":{"line":56,"column":58},"end":{"line":56,"column":59}},"loc":{"start":{"line":56,"column":63},"end":{"line":56,"column":90}},"line":56},"4":{"name":"exportMemory","decl":{"start":{"line":75,"column":9},"end":{"line":75,"column":21}},"loc":{"start":{"line":75,"column":32},"end":{"line":80,"column":1}},"line":75},"5":{"name":"importMemory","decl":{"start":{"line":82,"column":9},"end":{"line":82,"column":21}},"loc":{"start":{"line":82,"column":34},"end":{"line":109,"column":1}},"line":82},"6":{"name":"(anonymous_6)","decl":{"start":{"line":89,"column":30},"end":{"line":89,"column":31}},"loc":{"start":{"line":89,"column":40},"end":{"line":104,"column":3}},"line":89},"7":{"name":"(anonymous_7)","decl":{"start":{"line":90,"column":38},"end":{"line":90,"column":39}},"loc":{"start":{"line":90,"column":48},"end":{"line":97,"column":5}},"line":90},"8":{"name":"(anonymous_8)","decl":{"start":{"line":91,"column":53},"end":{"line":91,"column":54}},"loc":{"start":{"line":91,"column":58},"end":{"line":91,"column":82}},"line":91}},"branchMap":{"0":{"loc":{"start":{"line":28,"column":2},"end":{"line":30,"column":3}},"type":"if","locations":[{"start":{"line":28,"column":2},"end":{"line":30,"column":3}},{"start":{},"end":{}}],"line":28},"1":{"loc":{"start":{"line":35,"column":48},"end":{"line":35,"column":66}},"type":"binary-expr","locations":[{"start":{"line":35,"column":48},"end":{"line":35,"column":60}},{"start":{"line":35,"column":64},"end":{"line":35,"column":66}}],"line":35},"2":{"loc":{"start":{"line":36,"column":42},"end":{"line":36,"column":57}},"type":"binary-expr","locations":[{"start":{"line":36,"column":42},"end":{"line":36,"column":51}},{"start":{"line":36,"column":55},"end":{"line":36,"column":57}}],"line":36},"3":{"loc":{"start":{"line":44,"column":2},"end":{"line":46,"column":3}},"type":"if","locations":[{"start":{"line":44,"column":2},"end":{"line":46,"column":3}},{"start":{},"end":{}}],"line":44},"4":{"loc":{"start":{"line":50,"column":42},"end":{"line":50,"column":60}},"type":"default-arg","locations":[{"start":{"line":50,"column":51},"end":{"line":50,"column":60}}],"line":50},"5":{"loc":{"start":{"line":54,"column":2},"end":{"line":54,"column":78}},"type":"if","locations":[{"start":{"line":54,"column":2},"end":{"line":54,"column":78}},{"start":{},"end":{}}],"line":54},"6":{"loc":{"start":{"line":58,"column":2},"end":{"line":70,"column":3}},"type":"if","locations":[{"start":{"line":58,"column":2},"end":{"line":70,"column":3}},{"start":{"line":62,"column":9},"end":{"line":70,"column":3}}],"line":58},"7":{"loc":{"start":{"line":61,"column":52},"end":{"line":61,"column":101}},"type":"binary-expr","locations":[{"start":{"line":61,"column":52},"end":{"line":61,"column":96}},{"start":{"line":61,"column":100},"end":{"line":61,"column":101}}],"line":61},"8":{"loc":{"start":{"line":83,"column":2},"end":{"line":83,"column":47}},"type":"if","locations":[{"start":{"line":83,"column":2},"end":{"line":83,"column":47}},{"start":{},"end":{}}],"line":83},"9":{"loc":{"start":{"line":92,"column":6},"end":{"line":96,"column":7}},"type":"if","locations":[{"start":{"line":92,"column":6},"end":{"line":96,"column":7}},{"start":{"line":94,"column":13},"end":{"line":96,"column":7}}],"line":92},"10":{"loc":{"start":{"line":93,"column":26},"end":{"line":93,"column":45}},"type":"binary-expr","locations":[{"start":{"line":93,"column":26},"end":{"line":93,"column":40}},{"start":{"line":93,"column":44},"end":{"line":93,"column":45}}],"line":93},"11":{"loc":{"start":{"line":93,"column":50},"end":{"line":93,"column":67}},"type":"binary-expr","locations":[{"start":{"line":93,"column":50},"end":{"line":93,"column":62}},{"start":{"line":93,"column":66},"end":{"line":93,"column":67}}],"line":93}},"s":{"0":4,"1":4,"2":4,"3":4,"4":4,"5":47,"6":1,"7":46,"8":46,"9":42,"10":4,"11":3,"12":0,"13":3,"14":3,"15":3,"16":3,"17":0,"18":3,"19":1,"20":3,"21":1,"22":1,"23":1,"24":2,"25":3,"26":1,"27":1,"28":1,"29":1,"30":1,"31":0,"32":1,"33":1,"34":1,"35":2,"36":2,"37":2,"38":2,"39":1,"40":1,"41":2,"42":1,"43":1,"44":1,"45":4},"f":{"0":47,"1":3,"2":3,"3":1,"4":1,"5":1,"6":2,"7":2,"8":2},"b":{"0":[1,46],"1":[42,1],"2":[42,1],"3":[0,3],"4":[0],"5":[0,3],"6":[1,2],"7":[1,0],"8":[0,1],"9":[1,1],"10":[1,0],"11":[1,0]},"_coverageSchema":"1a1c01bbd47fc00a2c39e90264f33305004495a9","hash":"5063f074396867c130b2fb8a1338bec0b34d7992"}
}
