TN:
SF:src/classifier.js
FN:36,normalize
FN:41,analyzeSentiment
FN:49,(anonymous_2)
FN:70,runPipeline
FN:74,(anonymous_4)
FN:79,(anonymous_5)
FN:103,classifyMessage
FN:117,(anonymous_7)
FN:118,(anonymous_8)
FN:137,classifyMood
FN:139,(anonymous_10)
FN:142,(anonymous_11)
FN:166,(anonymous_12)
FN:167,(anonymous_13)
FN:171,(anonymous_14)
FNF:15
FNH:15
FNDA:40,normalize
FNDA:7,analyzeSentiment
FNDA:32,(anonymous_2)
FNDA:20,runPipeline
FNDA:78,(anonymous_4)
FNDA:11,(anonymous_5)
FNDA:13,classifyMessage
FNDA:65,(anonymous_7)
FNDA:52,(anonymous_8)
FNDA:9,classifyMood
FNDA:63,(anonymous_10)
FNDA:466,(anonymous_11)
FNDA:49,(anonymous_12)
FNDA:61,(anonymous_13)
FNDA:36,(anonymous_14)
DA:1,3
DA:2,3
DA:4,3
DA:12,3
DA:22,3
DA:31,3
DA:37,40
DA:42,7
DA:43,7
DA:44,7
DA:46,7
DA:47,7
DA:49,7
DA:50,32
DA:51,2
DA:52,2
DA:55,30
DA:56,30
DA:57,30
DA:59,30
DA:60,2
DA:61,2
DA:65,7
DA:66,7
DA:67,7
DA:71,20
DA:72,20
DA:73,20
DA:74,20
DA:75,78
DA:76,78
DA:79,20
DA:80,11
DA:82,20
DA:83,0
DA:86,20
DA:91,20
DA:92,20
DA:93,20
DA:95,20
DA:104,13
DA:106,13
DA:107,13
DA:109,13
DA:110,13
DA:111,13
DA:113,13
DA:114,13
DA:115,13
DA:117,13
DA:118,65
DA:119,11
DA:120,11
DA:121,11
DA:125,13
DA:126,13
DA:127,13
DA:129,13
DA:138,9
DA:139,63
DA:141,9
DA:142,466
DA:143,2
DA:144,2
DA:153,7
DA:154,7
DA:156,7
DA:157,7
DA:159,7
DA:160,7
DA:161,7
DA:162,7
DA:164,7
DA:166,7
DA:167,61
DA:168,49
DA:169,9
DA:170,9
DA:171,36
DA:173,9
DA:175,7
DA:176,7
DA:177,7
DA:178,7
DA:182,7
DA:183,7
DA:185,7
DA:186,7
DA:188,7
DA:196,3
LF:90
LH:89
BRDA:50,0,0,2
BRDA:50,0,1,30
BRDA:56,1,0,2
BRDA:56,1,1,28
BRDA:57,2,0,0
BRDA:57,2,1,30
BRDA:59,3,0,2
BRDA:59,3,1,28
BRDA:60,4,0,1
BRDA:60,4,1,1
BRDA:65,5,0,0
BRDA:65,5,1,7
BRDA:66,6,0,0
BRDA:66,6,1,7
BRDA:70,7,0,20
BRDA:80,8,0,11
BRDA:80,8,1,11
BRDA:82,9,0,0
BRDA:82,9,1,20
BRDA:93,10,0,1
BRDA:93,10,1,19
BRDA:96,11,0,1
BRDA:96,11,1,19
BRDA:97,12,0,1
BRDA:97,12,1,19
BRDA:97,13,0,1
BRDA:97,13,1,0
BRDA:99,14,0,1
BRDA:99,14,1,19
BRDA:104,15,0,0
BRDA:104,15,1,13
BRDA:107,16,0,0
BRDA:107,16,1,13
BRDA:118,17,0,11
BRDA:118,17,1,54
BRDA:127,18,0,11
BRDA:127,18,1,2
BRDA:131,19,0,11
BRDA:131,19,1,2
BRDA:131,20,0,1
BRDA:131,20,1,10
BRDA:132,21,0,13
BRDA:132,21,1,2
BRDA:133,22,0,11
BRDA:133,22,1,2
BRDA:142,23,0,2
BRDA:142,23,1,46
BRDA:143,24,0,2
BRDA:143,24,1,0
BRDA:168,25,0,9
BRDA:168,25,1,40
BRDA:173,26,0,2
BRDA:173,26,1,7
BRDA:173,27,0,9
BRDA:173,27,1,3
BRDA:182,28,0,6
BRDA:182,28,1,1
BRDA:185,29,0,7
BRDA:185,29,1,6
BRDA:186,30,0,6
BRDA:186,30,1,1
BRDA:190,31,0,6
BRDA:190,31,1,1
BRDA:190,32,0,0
BRDA:190,32,1,6
BRDA:191,33,0,7
BRDA:191,33,1,1
BRDA:192,34,0,6
BRDA:192,34,1,1
BRF:69
BRH:60
end_of_record
TN:
SF:src/config.js
FN:16,ensureDir
FN:29,defensiveCleanup
FN:35,(anonymous_2)
FN:55,loadConfig
FN:81,saveConfig
FNF:5
FNH:4
FNDA:10,ensureDir
FNDA:5,defensiveCleanup
FNDA:36,(anonymous_2)
FNDA:14,loadConfig
FNDA:0,saveConfig
DA:1,5
DA:2,5
DA:3,5
DA:5,5
DA:6,5
DA:7,5
DA:9,5
DA:17,10
DA:18,6
DA:19,6
DA:21,2
DA:22,2
DA:25,8
DA:30,5
DA:31,5
DA:32,5
DA:33,5
DA:35,5
DA:37,36
DA:38,0
DA:39,0
DA:40,0
DA:41,0
DA:42,0
DA:43,0
DA:51,5
DA:52,5
DA:53,5
DA:56,14
DA:59,14
DA:60,8
DA:61,8
DA:62,1
DA:64,7
DA:69,14
DA:70,12
DA:71,12
DA:72,5
DA:74,7
DA:78,14
DA:82,0
DA:83,0
DA:84,0
DA:85,0
DA:87,0
DA:91,5
LF:46
LH:35
BRDA:17,0,0,6
BRDA:17,0,1,4
BRDA:37,1,0,0
BRDA:37,1,1,36
BRDA:37,2,0,36
BRDA:37,2,1,36
BRDA:37,2,2,0
BRDA:42,3,0,0
BRDA:42,3,1,0
BRDA:59,4,0,8
BRDA:59,4,1,6
BRDA:69,5,0,12
BRDA:69,5,1,2
BRDA:81,6,0,0
BRDA:83,7,0,0
BRDA:83,7,1,0
BRF:16
BRH:9
end_of_record
TN:
SF:src/core.js
FN:8,generateId
FN:15,getLogFile
FN:29,withLock
FN:56,saveLog
FN:59,(anonymous_4)
FN:81,updateLastLog
FN:85,(anonymous_6)
FN:95,(anonymous_7)
FN:100,(anonymous_8)
FN:103,(anonymous_9)
FN:117,getRecentLogs
FN:122,(anonymous_11)
FN:125,(anonymous_12)
FN:126,(anonymous_13)
FN:127,(anonymous_14)
FN:128,(anonymous_15)
FN:137,getStats
FN:143,(anonymous_17)
FN:148,(anonymous_18)
FN:149,(anonymous_19)
FN:159,getDailySummary
FN:167,(anonymous_21)
FN:170,(anonymous_22)
FN:171,(anonymous_23)
FN:177,(anonymous_24)
FNF:25
FNH:25
FNDA:3,generateId
FNDA:11,getLogFile
FNDA:4,withLock
FNDA:3,saveLog
FNDA:3,(anonymous_4)
FNDA:1,updateLastLog
FNDA:1,(anonymous_6)
FNDA:3,(anonymous_7)
FNDA:6,(anonymous_8)
FNDA:4,(anonymous_9)
FNDA:3,getRecentLogs
FNDA:3,(anonymous_11)
FNDA:9,(anonymous_12)
FNDA:13,(anonymous_13)
FNDA:14,(anonymous_14)
FNDA:6,(anonymous_15)
FNDA:3,getStats
FNDA:5,(anonymous_17)
FNDA:15,(anonymous_18)
FNDA:20,(anonymous_19)
FNDA:1,getDailySummary
FNDA:2,(anonymous_21)
FNDA:6,(anonymous_22)
FNDA:10,(anonymous_23)
FNDA:1,(anonymous_24)
DA:1,2
DA:2,2
DA:3,2
DA:4,2
DA:5,2
DA:6,2
DA:10,3
DA:11,3
DA:12,3
DA:16,11
DA:17,11
DA:18,11
DA:20,11
DA:21,0
DA:22,0
DA:23,0
DA:26,11
DA:30,4
DA:31,4
DA:32,4
DA:34,4
DA:35,4
DA:36,4
DA:37,4
DA:38,4
DA:39,4
DA:41,0
DA:42,0
DA:43,0
DA:44,0
DA:45,0
DA:49,4
DA:50,4
DA:52,4
DA:57,3
DA:59,3
DA:60,3
DA:61,3
DA:62,3
DA:63,3
DA:65,3
DA:67,3
DA:68,1
DA:72,3
DA:74,3
DA:75,0
DA:77,3
DA:82,1
DA:83,1
DA:85,1
DA:86,1
DA:87,1
DA:88,1
DA:89,1
DA:91,1
DA:92,1
DA:94,1
DA:95,3
DA:96,1
DA:99,1
DA:100,6
DA:101,1
DA:103,4
DA:104,1
DA:108,1
DA:111,1
DA:112,1
DA:113,1
DA:118,3
DA:119,3
DA:120,3
DA:121,3
DA:122,3
DA:123,3
DA:124,3
DA:125,9
DA:126,13
DA:127,14
DA:128,6
DA:129,3
DA:138,3
DA:139,3
DA:140,3
DA:141,3
DA:142,3
DA:143,3
DA:144,5
DA:145,5
DA:146,5
DA:147,5
DA:148,15
DA:149,20
DA:150,5
DA:151,5
DA:152,5
DA:153,5
DA:154,5
DA:156,3
DA:160,1
DA:161,1
DA:162,1
DA:163,1
DA:164,1
DA:165,1
DA:166,1
DA:167,1
DA:168,2
DA:169,2
DA:170,6
DA:171,10
DA:172,2
DA:173,2
DA:174,2
DA:176,1
DA:177,1
DA:179,1
DA:182,2
LF:117
LH:108
BRDA:17,0,0,11
BRDA:17,0,1,11
BRDA:20,1,0,0
BRDA:20,1,1,11
BRDA:22,2,0,0
BRDA:22,2,1,0
BRDA:26,3,0,11
BRDA:26,3,1,0
BRDA:42,4,0,0
BRDA:42,4,1,0
BRDA:42,5,0,0
BRDA:42,5,1,0
BRDA:52,6,0,3
BRDA:52,6,1,1
BRDA:52,7,0,4
BRDA:52,7,1,4
BRDA:56,8,0,3
BRDA:60,9,0,3
BRDA:60,9,1,0
BRDA:63,10,0,3
BRDA:63,10,1,3
BRDA:65,11,0,3
BRDA:65,11,1,0
BRDA:65,12,0,3
BRDA:65,12,1,0
BRDA:67,13,0,1
BRDA:67,13,1,2
BRDA:74,14,0,0
BRDA:74,14,1,3
BRDA:74,15,0,3
BRDA:74,15,1,0
BRDA:74,15,2,0
BRDA:81,16,0,0
BRDA:83,17,0,0
BRDA:83,17,1,1
BRDA:89,18,0,0
BRDA:89,18,1,1
BRDA:94,19,0,1
BRDA:94,19,1,0
BRDA:96,20,0,1
BRDA:96,20,1,0
BRDA:99,21,0,1
BRDA:99,21,1,0
BRDA:101,22,0,0
BRDA:101,22,1,1
BRDA:103,23,0,4
BRDA:103,23,1,3
BRDA:117,24,0,0
BRDA:119,25,0,0
BRDA:119,25,1,3
BRDA:125,26,0,3
BRDA:125,26,1,0
BRDA:125,27,0,3
BRDA:125,27,1,0
BRDA:126,28,0,3
BRDA:126,28,1,1
BRDA:126,29,0,3
BRDA:126,29,1,1
BRDA:127,30,0,14
BRDA:127,30,1,11
BRDA:128,31,0,3
BRDA:128,31,1,0
BRDA:128,32,0,3
BRDA:128,32,1,0
BRDA:132,33,0,0
BRDA:132,33,1,3
BRDA:137,34,0,0
BRDA:139,35,0,0
BRDA:139,35,1,3
BRDA:145,36,0,5
BRDA:145,36,1,0
BRDA:147,37,0,0
BRDA:147,37,1,5
BRDA:148,38,0,5
BRDA:148,38,1,0
BRDA:148,39,0,5
BRDA:148,39,1,0
BRDA:149,40,0,5
BRDA:149,40,1,0
BRDA:149,41,0,5
BRDA:149,41,1,0
BRDA:150,42,0,5
BRDA:150,42,1,5
BRDA:151,43,0,5
BRDA:151,43,1,5
BRDA:152,44,0,3
BRDA:152,44,1,2
BRDA:154,45,0,5
BRDA:154,45,1,0
BRDA:161,46,0,0
BRDA:161,46,1,1
BRDA:169,47,0,0
BRDA:169,47,1,2
BRDA:170,48,0,2
BRDA:170,48,1,0
BRDA:170,49,0,2
BRDA:170,49,1,0
BRDA:171,50,0,10
BRDA:171,50,1,8
BRDA:172,51,0,1
BRDA:172,51,1,1
BRDA:173,52,0,0
BRDA:173,52,1,2
BRDA:174,53,0,1
BRDA:174,53,1,1
BRDA:176,54,0,1
BRDA:176,54,1,0
BRF:107
BRH:64
end_of_record
TN:
SF:src/i18n.js
FN:8,t
FNF:1
FNH:1
FNDA:3,t
DA:1,3
DA:3,3
DA:4,3
DA:6,3
DA:9,3
DA:10,3
DA:11,3
DA:13,3
DA:14,3
DA:15,3
DA:16,5
DA:17,4
DA:19,2
DA:22,3
LF:14
LH:14
BRDA:10,0,0,3
BRDA:10,0,1,0
BRDA:11,1,0,3
BRDA:11,1,1,0
BRDA:16,2,0,1
BRDA:16,2,1,4
BRF:6
BRH:4
end_of_record
TN:
SF:src/memory.js
FN:27,loadMemory
FN:43,saveMemory
FN:50,learn
FN:56,(anonymous_3)
FN:75,exportMemory
FN:82,importMemory
FN:89,(anonymous_6)
FN:90,(anonymous_7)
FN:91,(anonymous_8)
FNF:9
FNH:9
FNDA:27,loadMemory
FNDA:3,saveMemory
FNDA:3,learn
FNDA:1,(anonymous_3)
FNDA:1,exportMemory
FNDA:1,importMemory
FNDA:2,(anonymous_6)
FNDA:2,(anonymous_7)
FNDA:2,(anonymous_8)
DA:1,4
DA:2,4
DA:3,4
DA:5,4
DA:7,4
DA:28,27
DA:29,2
DA:31,25
DA:32,25
DA:34,21
DA:39,4
DA:44,3
DA:45,0
DA:47,3
DA:51,3
DA:52,3
DA:54,3
DA:56,3
DA:58,3
DA:59,1
DA:60,1
DA:61,1
DA:63,2
DA:72,3
DA:76,1
DA:77,1
DA:78,1
DA:79,1
DA:83,1
DA:85,1
DA:86,1
DA:89,1
DA:90,2
DA:91,2
DA:92,2
DA:93,1
DA:95,1
DA:100,2
DA:106,1
DA:107,1
DA:108,1
DA:111,4
LF:42
LH:41
BRDA:28,0,0,2
BRDA:28,0,1,25
BRDA:35,1,0,21
BRDA:35,1,1,1
BRDA:36,2,0,21
BRDA:36,2,1,1
BRDA:44,3,0,0
BRDA:44,3,1,3
BRDA:50,4,0,0
BRDA:54,5,0,0
BRDA:54,5,1,3
BRDA:58,6,0,1
BRDA:58,6,1,2
BRDA:61,7,0,1
BRDA:61,7,1,0
BRDA:83,8,0,0
BRDA:83,8,1,1
BRDA:92,9,0,1
BRDA:92,9,1,1
BRDA:93,10,0,1
BRDA:93,10,1,0
BRDA:93,11,0,1
BRDA:93,11,1,0
BRF:23
BRH:16
end_of_record
