TN:
SF:src/classifier.js
FN:36,normalize
FN:41,analyzeSentiment
FN:49,(anonymous_2)
FN:70,runPipeline
FN:74,(anonymous_4)
FN:79,(anonymous_5)
FN:103,classifyMessage
FN:117,(anonymous_7)
FN:118,(anonymous_8)
FN:137,classifyMood
FN:139,(anonymous_10)
FN:142,(anonymous_11)
FN:166,(anonymous_12)
FN:167,(anonymous_13)
FN:171,(anonymous_14)
FNF:15
FNH:15
FNDA:80,normalize
FNDA:7,analyzeSentiment
FNDA:32,(anonymous_2)
FNDA:40,runPipeline
FNDA:198,(anonymous_4)
FNDA:32,(anonymous_5)
FNDA:33,classifyMessage
FNDA:165,(anonymous_7)
FNDA:132,(anonymous_8)
FNDA:9,classifyMood
FNDA:63,(anonymous_10)
FNDA:466,(anonymous_11)
FNDA:49,(anonymous_12)
FNDA:61,(anonymous_13)
FNDA:36,(anonymous_14)
DA:1,3
DA:2,3
DA:4,3
DA:12,3
DA:22,3
DA:31,3
DA:37,80
DA:42,7
DA:43,7
DA:44,7
DA:46,7
DA:47,7
DA:49,7
DA:50,32
DA:51,2
DA:52,2
DA:55,30
DA:56,30
DA:57,30
DA:59,30
DA:60,2
DA:61,2
DA:65,7
DA:66,7
DA:67,7
DA:71,40
DA:72,40
DA:73,40
DA:74,40
DA:75,198
DA:76,198
DA:79,40
DA:80,32
DA:82,40
DA:83,0
DA:86,40
DA:91,40
DA:92,40
DA:93,40
DA:95,40
DA:104,33
DA:106,33
DA:107,33
DA:109,33
DA:110,33
DA:111,33
DA:113,33
DA:114,33
DA:115,33
DA:117,33
DA:118,165
DA:119,11
DA:120,11
DA:121,11
DA:125,33
DA:126,33
DA:127,33
DA:129,33
DA:138,9
DA:139,63
DA:141,9
DA:142,466
DA:143,2
DA:144,2
DA:153,7
DA:154,7
DA:156,7
DA:157,7
DA:159,7
DA:160,7
DA:161,7
DA:162,7
DA:164,7
DA:166,7
DA:167,61
DA:168,49
DA:169,9
DA:170,9
DA:171,36
DA:173,9
DA:175,7
DA:176,7
DA:177,7
DA:178,7
DA:182,7
DA:183,7
DA:185,7
DA:186,7
DA:188,7
DA:196,3
LF:90
LH:89
BRDA:50,0,0,2
BRDA:50,0,1,30
BRDA:56,1,0,2
BRDA:56,1,1,28
BRDA:57,2,0,0
BRDA:57,2,1,30
BRDA:59,3,0,2
BRDA:59,3,1,28
BRDA:60,4,0,1
BRDA:60,4,1,1
BRDA:65,5,0,0
BRDA:65,5,1,7
BRDA:66,6,0,0
BRDA:66,6,1,7
BRDA:70,7,0,40
BRDA:80,8,0,32
BRDA:80,8,1,32
BRDA:82,9,0,0
BRDA:82,9,1,40
BRDA:93,10,0,1
BRDA:93,10,1,39
BRDA:96,11,0,1
BRDA:96,11,1,39
BRDA:97,12,0,1
BRDA:97,12,1,39
BRDA:97,13,0,1
BRDA:97,13,1,0
BRDA:99,14,0,1
BRDA:99,14,1,39
BRDA:104,15,0,0
BRDA:104,15,1,33
BRDA:107,16,0,0
BRDA:107,16,1,33
BRDA:118,17,0,11
BRDA:118,17,1,154
BRDA:127,18,0,11
BRDA:127,18,1,22
BRDA:131,19,0,11
BRDA:131,19,1,22
BRDA:131,20,0,1
BRDA:131,20,1,10
BRDA:132,21,0,33
BRDA:132,21,1,22
BRDA:133,22,0,11
BRDA:133,22,1,22
BRDA:142,23,0,2
BRDA:142,23,1,46
BRDA:143,24,0,2
BRDA:143,24,1,0
BRDA:168,25,0,9
BRDA:168,25,1,40
BRDA:173,26,0,2
BRDA:173,26,1,7
BRDA:173,27,0,9
BRDA:173,27,1,3
BRDA:182,28,0,6
BRDA:182,28,1,1
BRDA:185,29,0,7
BRDA:185,29,1,6
BRDA:186,30,0,6
BRDA:186,30,1,1
BRDA:190,31,0,6
BRDA:190,31,1,1
BRDA:190,32,0,0
BRDA:190,32,1,6
BRDA:191,33,0,7
BRDA:191,33,1,1
BRDA:192,34,0,6
BRDA:192,34,1,1
BRF:69
BRH:60
end_of_record
TN:
SF:src/config.js
FN:16,ensureDir
FN:28,defensiveCleanup
FN:34,(anonymous_2)
FN:52,loadConfig
FN:77,saveConfig
FNF:5
FNH:4
FNDA:12,ensureDir
FNDA:6,defensiveCleanup
FNDA:56,(anonymous_2)
FNDA:6,loadConfig
FNDA:0,saveConfig
DA:1,6
DA:2,6
DA:3,6
DA:5,6
DA:6,6
DA:14,6
DA:17,12
DA:18,6
DA:19,6
DA:21,2
DA:22,2
DA:25,10
DA:29,6
DA:30,6
DA:31,6
DA:32,6
DA:34,6
DA:35,56
DA:36,1
DA:37,1
DA:38,1
DA:39,1
DA:40,0
DA:48,6
DA:49,6
DA:50,6
DA:53,6
DA:55,4
DA:56,4
DA:57,4
DA:59,4
DA:60,2
DA:61,2
DA:62,2
DA:66,4
DA:67,3
DA:68,3
DA:69,3
DA:73,4
DA:74,4
DA:78,0
DA:79,0
DA:80,0
DA:83,6
LF:44
LH:40
BRDA:17,0,0,6
BRDA:17,0,1,6
BRDA:35,1,0,1
BRDA:35,1,1,55
BRDA:35,2,0,56
BRDA:35,2,1,55
BRDA:35,2,2,1
BRDA:39,3,0,0
BRDA:39,3,1,1
BRDA:52,4,0,3
BRDA:53,5,0,2
BRDA:53,5,1,4
BRDA:53,6,0,6
BRDA:53,6,1,4
BRDA:59,7,0,2
BRDA:59,7,1,2
BRDA:66,8,0,3
BRDA:66,8,1,1
BRF:18
BRH:17
end_of_record
TN:
SF:src/core.js
FN:7,generateId
FN:13,getLogFile
FN:40,withLock
FN:42,(anonymous_3)
FN:94,safeWrite
FN:116,saveLog
FN:119,(anonymous_6)
FN:140,updateLastLog
FN:144,(anonymous_8)
FN:153,(anonymous_9)
FN:158,(anonymous_10)
FN:161,(anonymous_11)
FN:171,getRecentLogs
FN:176,(anonymous_13)
FN:179,(anonymous_14)
FN:180,(anonymous_15)
FN:181,(anonymous_16)
FN:182,(anonymous_17)
FNF:18
FNH:16
FNDA:24,generateId
FNDA:27,getLogFile
FNDA:27,withLock
FNDA:27,(anonymous_3)
FNDA:25,safeWrite
FNDA:24,saveLog
FNDA:24,(anonymous_6)
FNDA:1,updateLastLog
FNDA:1,(anonymous_8)
FNDA:3,(anonymous_9)
FNDA:0,(anonymous_10)
FNDA:0,(anonymous_11)
FNDA:2,getRecentLogs
FNDA:2,(anonymous_13)
FNDA:6,(anonymous_14)
FNDA:10,(anonymous_15)
FNDA:8,(anonymous_16)
FNDA:4,(anonymous_17)
DA:1,3
DA:2,3
DA:5,3
DA:8,24
DA:9,24
DA:10,24
DA:14,27
DA:15,27
DA:18,27
DA:19,0
DA:20,0
DA:21,0
DA:23,27
DA:27,27
DA:28,27
DA:30,2
DA:31,2
DA:33,0
DA:42,27
DA:43,27
DA:44,27
DA:45,2
DA:46,2
DA:48,0
DA:52,27
DA:54,27
DA:55,2
DA:58,25
DA:59,25
DA:60,25
DA:62,25
DA:63,25
DA:64,25
DA:65,25
DA:66,25
DA:67,25
DA:68,25
DA:70,0
DA:71,0
DA:73,0
DA:74,0
DA:75,0
DA:79,25
DA:80,25
DA:82,25
DA:83,25
DA:84,25
DA:86,25
DA:95,25
DA:96,25
DA:97,25
DA:98,24
DA:99,2
DA:101,24
DA:104,1
DA:105,1
DA:107,25
DA:110,25
DA:111,3
DA:117,24
DA:119,24
DA:121,24
DA:122,24
DA:124,24
DA:125,24
DA:126,24
DA:127,24
DA:129,24
DA:131,24
DA:133,24
DA:134,0
DA:136,24
DA:141,1
DA:142,1
DA:144,1
DA:145,1
DA:146,1
DA:147,1
DA:149,1
DA:150,1
DA:152,1
DA:153,3
DA:154,1
DA:157,1
DA:158,0
DA:159,0
DA:161,0
DA:162,0
DA:166,1
DA:167,1
DA:172,2
DA:173,2
DA:174,2
DA:175,2
DA:176,2
DA:177,2
DA:178,2
DA:179,6
DA:180,10
DA:181,8
DA:182,4
DA:183,2
DA:191,3
LF:103
LH:88
BRDA:14,0,0,27
BRDA:14,0,1,0
BRDA:18,1,0,0
BRDA:18,1,1,27
BRDA:23,2,0,27
BRDA:23,2,1,0
BRDA:28,3,0,25
BRDA:28,3,1,2
BRDA:44,4,0,25
BRDA:44,4,1,2
BRDA:54,5,0,2
BRDA:54,5,1,25
BRDA:70,6,0,0
BRDA:70,6,1,0
BRDA:82,7,0,25
BRDA:82,7,1,0
BRDA:84,8,0,24
BRDA:84,8,1,1
BRDA:94,9,0,0
BRDA:97,10,0,24
BRDA:97,10,1,1
BRDA:98,11,0,2
BRDA:98,11,1,22
BRDA:110,12,0,3
BRDA:110,12,1,22
BRDA:116,13,0,24
BRDA:124,14,0,24
BRDA:124,14,1,21
BRDA:127,15,0,24
BRDA:127,15,1,24
BRDA:129,16,0,24
BRDA:129,16,1,0
BRDA:129,17,0,24
BRDA:129,17,1,0
BRDA:133,18,0,0
BRDA:133,18,1,24
BRDA:133,19,0,24
BRDA:133,19,1,24
BRDA:133,19,2,0
BRDA:133,19,3,0
BRDA:142,20,0,0
BRDA:142,20,1,1
BRDA:147,21,0,0
BRDA:147,21,1,1
BRDA:152,22,0,1
BRDA:152,22,1,0
BRDA:154,23,0,1
BRDA:154,23,1,0
BRDA:157,24,0,0
BRDA:157,24,1,1
BRDA:159,25,0,0
BRDA:159,25,1,0
BRDA:161,26,0,0
BRDA:161,26,1,0
BRDA:171,27,0,0
BRDA:173,28,0,0
BRDA:173,28,1,2
BRDA:179,29,0,2
BRDA:179,29,1,0
BRDA:179,30,0,2
BRDA:179,30,1,0
BRDA:180,31,0,2
BRDA:180,31,1,2
BRDA:180,32,0,2
BRDA:180,32,1,2
BRDA:181,33,0,8
BRDA:181,33,1,6
BRDA:182,34,0,2
BRDA:182,34,1,0
BRDA:182,35,0,2
BRDA:182,35,1,0
BRDA:186,36,0,0
BRDA:186,36,1,2
BRF:73
BRH:45
end_of_record
TN:
SF:src/git.js
FN:3,isGitRepo
FN:12,getGitMetadata
FN:23,commitLog
FN:33,isDirty
FN:43,getGitUser
FNF:5
FNH:2
FNDA:21,isGitRepo
FNDA:21,getGitMetadata
FNDA:0,commitLog
FNDA:0,isDirty
FNDA:0,getGitUser
DA:1,1
DA:4,21
DA:5,21
DA:6,0
DA:8,21
DA:13,21
DA:14,0
DA:15,0
DA:16,0
DA:17,0
DA:19,0
DA:24,0
DA:25,0
DA:26,0
DA:27,0
DA:29,0
DA:34,0
DA:35,0
DA:36,0
DA:37,0
DA:39,0
DA:44,0
DA:45,0
DA:47,0
DA:51,1
LF:25
LH:6
BRDA:13,0,0,21
BRDA:13,0,1,0
BRDA:17,1,0,0
BRDA:17,1,1,0
BRDA:34,2,0,0
BRDA:34,2,1,0
BRF:6
BRH:1
end_of_record
TN:
SF:src/i18n.js
FN:8,t
FNF:1
FNH:1
FNDA:3,t
DA:1,1
DA:3,1
DA:4,1
DA:6,1
DA:9,3
DA:10,3
DA:11,3
DA:13,3
DA:14,3
DA:15,3
DA:16,5
DA:17,4
DA:19,2
DA:22,1
LF:14
LH:14
BRDA:10,0,0,3
BRDA:10,0,1,0
BRDA:11,1,0,3
BRDA:11,1,1,0
BRDA:16,2,0,1
BRDA:16,2,1,4
BRF:6
BRH:4
end_of_record
TN:
SF:src/memory.js
FN:27,loadMemory
FN:43,saveMemory
FN:50,learn
FN:56,(anonymous_3)
FN:75,exportMemory
FN:82,importMemory
FN:89,(anonymous_6)
FN:90,(anonymous_7)
FN:91,(anonymous_8)
FNF:9
FNH:9
FNDA:47,loadMemory
FNDA:3,saveMemory
FNDA:3,learn
FNDA:1,(anonymous_3)
FNDA:1,exportMemory
FNDA:1,importMemory
FNDA:2,(anonymous_6)
FNDA:2,(anonymous_7)
FNDA:2,(anonymous_8)
DA:1,4
DA:2,4
DA:3,4
DA:5,4
DA:7,4
DA:28,47
DA:29,1
DA:31,46
DA:32,46
DA:34,42
DA:39,4
DA:44,3
DA:45,0
DA:47,3
DA:51,3
DA:52,3
DA:54,3
DA:56,3
DA:58,3
DA:59,1
DA:60,1
DA:61,1
DA:63,2
DA:72,3
DA:76,1
DA:77,1
DA:78,1
DA:79,1
DA:83,1
DA:85,1
DA:86,1
DA:89,1
DA:90,2
DA:91,2
DA:92,2
DA:93,1
DA:95,1
DA:100,2
DA:106,1
DA:107,1
DA:108,1
DA:111,4
LF:42
LH:41
BRDA:28,0,0,1
BRDA:28,0,1,46
BRDA:35,1,0,42
BRDA:35,1,1,1
BRDA:36,2,0,42
BRDA:36,2,1,1
BRDA:44,3,0,0
BRDA:44,3,1,3
BRDA:50,4,0,0
BRDA:54,5,0,0
BRDA:54,5,1,3
BRDA:58,6,0,1
BRDA:58,6,1,2
BRDA:61,7,0,1
BRDA:61,7,1,0
BRDA:83,8,0,0
BRDA:83,8,1,1
BRDA:92,9,0,1
BRDA:92,9,1,1
BRDA:93,10,0,1
BRDA:93,10,1,0
BRDA:93,11,0,1
BRDA:93,11,1,0
BRF:23
BRH:16
end_of_record
